<?xml version="1.0" encoding="UTF-8"?>
<robot generator="Robot 7.4.1 (Python 3.11.14 on linux)" generated="2026-01-12T12:19:41.748986" rpa="false" schemaversion="5">
<suite id="s1" name="Tests" source="/home/runner/work/AP_RF/AP_RF/tests">
<suite id="s1-s1" name="01 HerekuApp" source="/home/runner/work/AP_RF/AP_RF/tests/01_HerekuApp">
<suite id="s1-s1-s1" name="02 Geavanceerd" source="/home/runner/work/AP_RF/AP_RF/tests/01_HerekuApp/02_geavanceerd">
<suite id="s1-s1-s1-s1" name="14 Product Search" source="/home/runner/work/AP_RF/AP_RF/tests/01_HerekuApp/02_geavanceerd/14_product_search.robot">
<kw name="New Browser" owner="Browser" type="SETUP">
<msg time="2026-01-12T12:19:42.192589" level="INFO">{"browser": "chromium", "headless": true, "chromiumSandbox": false, "devtools": false, "handleSIGHUP": true, "handleSIGINT": true, "handleSIGTERM": true, "slowMo": 0.0, "timeout": 30000.0, "tracesDir": "/home/runner/work/AP_RF/AP_RF/results/pabot_results/13/browser/traces/temp/d04519f3-2981-4ca6-a495-58f058c34587"}</msg>
<msg time="2026-01-12T12:19:42.197538" level="INFO">Starting Browser process /opt/hostedtoolcache/Python/3.11.14/x64/lib/python3.11/site-packages/Browser/wrapper/index.js using at 127.0.0.1:33581</msg>
<msg time="2026-01-12T12:19:42.941022" level="INFO">Successfully created browser with options: {"browser":"chromium","headless":true,"chromiumSandbox":false,"devtools":false,"handleSIGHUP":true,"handleSIGINT":true,"handleSIGTERM":true,"slowMo":0,"timeout":30000,"tracesDir":"/home/runner/work/AP_RF/AP_RF/results/pabot_results/13/browser/traces/temp/d04519f3-2981-4ca6-a495-58f058c34587"}</msg>
<arg>browser=${BROWSER}</arg>
<arg>headless=${HEADLESS}</arg>
<tag>BrowserControl</tag>
<tag>Setter</tag>
<doc>Create a new playwright Browser with specified options.</doc>
<status status="PASS" start="2026-01-12T12:19:42.191641" elapsed="0.749686"/>
</kw>
<test id="s1-s1-s1-s1-t1" name="Scenario 14: Data Driven Product Search" line="10">
<kw name="New Page" owner="Browser" type="SETUP">
<msg time="2026-01-12T12:19:43.371042" level="INFO">Successfully initialized new page object and opened url: https://the-internet.herokuapp.com/login</msg>
<msg time="2026-01-12T12:19:43.371187" level="INFO">No context was open. New context was automatically opened when this page is created.</msg>
<arg>https://the-internet.herokuapp.com/login</arg>
<tag>BrowserControl</tag>
<tag>Setter</tag>
<doc>Open a new Page.</doc>
<status status="PASS" start="2026-01-12T12:19:42.947152" elapsed="0.424297"/>
</kw>
<kw name="Zoek En Verifieer Product">
<kw name="Fill Text" owner="Browser">
<msg time="2026-01-12T12:19:43.373530" level="INFO">Fills the text 'laptop' in the given field.</msg>
<arg>css=#username</arg>
<arg>${zoekterm}</arg>
<tag>PageContent</tag>
<tag>Setter</tag>
<doc>Clears and fills the given ``txt`` into the text field found by ``selector``.</doc>
<status status="PASS" start="2026-01-12T12:19:43.372784" elapsed="0.045410"/>
</kw>
<kw name="Get Property" owner="Browser">
<msg time="2026-01-12T12:19:43.471773" level="INFO">Property: 'laptop'</msg>
<arg>css=#username</arg>
<arg>value</arg>
<arg>==</arg>
<arg>${verwachte_tekst}</arg>
<tag>Assertion</tag>
<tag>Getter</tag>
<tag>PageContent</tag>
<doc>Returns the ``property`` of the element found by ``selector``.</doc>
<status status="PASS" start="2026-01-12T12:19:43.418623" elapsed="0.053409"/>
</kw>
<arg>laptop</arg>
<arg>laptop</arg>
<status status="PASS" start="2026-01-12T12:19:43.372083" elapsed="0.100213"/>
</kw>
<kw name="Zoek En Verifieer Product">
<kw name="Fill Text" owner="Browser">
<msg time="2026-01-12T12:19:43.474200" level="INFO">Fills the text 'iphone' in the given field.</msg>
<arg>css=#username</arg>
<arg>${zoekterm}</arg>
<tag>PageContent</tag>
<tag>Setter</tag>
<doc>Clears and fills the given ``txt`` into the text field found by ``selector``.</doc>
<status status="PASS" start="2026-01-12T12:19:43.473406" elapsed="0.011742"/>
</kw>
<kw name="Get Property" owner="Browser">
<msg time="2026-01-12T12:19:43.503880" level="INFO">Property: 'iphone'</msg>
<arg>css=#username</arg>
<arg>value</arg>
<arg>==</arg>
<arg>${verwachte_tekst}</arg>
<tag>Assertion</tag>
<tag>Getter</tag>
<tag>PageContent</tag>
<doc>Returns the ``property`` of the element found by ``selector``.</doc>
<status status="PASS" start="2026-01-12T12:19:43.485509" elapsed="0.018585"/>
</kw>
<arg>iphone</arg>
<arg>iphone</arg>
<status status="PASS" start="2026-01-12T12:19:43.472702" elapsed="0.031624"/>
</kw>
<kw name="Zoek En Verifieer Product">
<kw name="Fill Text" owner="Browser">
<msg time="2026-01-12T12:19:43.506387" level="INFO">Fills the text 'camera' in the given field.</msg>
<arg>css=#username</arg>
<arg>${zoekterm}</arg>
<tag>PageContent</tag>
<tag>Setter</tag>
<doc>Clears and fills the given ``txt`` into the text field found by ``selector``.</doc>
<status status="PASS" start="2026-01-12T12:19:43.505632" elapsed="0.013542"/>
</kw>
<kw name="Get Property" owner="Browser">
<msg time="2026-01-12T12:19:43.531507" level="INFO">Property: 'camera'</msg>
<arg>css=#username</arg>
<arg>value</arg>
<arg>==</arg>
<arg>${verwachte_tekst}</arg>
<tag>Assertion</tag>
<tag>Getter</tag>
<tag>PageContent</tag>
<doc>Returns the ``property`` of the element found by ``selector``.</doc>
<status status="PASS" start="2026-01-12T12:19:43.519535" elapsed="0.012155"/>
</kw>
<arg>camera</arg>
<arg>camera</arg>
<status status="PASS" start="2026-01-12T12:19:43.504931" elapsed="0.026965"/>
</kw>
<msg time="2026-01-12T12:19:43.547628" level="INFO">Switching context to context=9124455e-fb26-4e4a-a3d5-f81b0423431e in CURRENT</msg>
<msg time="2026-01-12T12:19:43.555220" level="INFO">Successfully changed active context: context=9124455e-fb26-4e4a-a3d5-f81b0423431e</msg>
<msg time="2026-01-12T12:19:43.570139" level="INFO">Successfully closed Context</msg>
<status status="PASS" start="2026-01-12T12:19:42.941689" elapsed="0.590390"/>
</test>
<kw name="Close Browser" owner="Browser" type="TEARDOWN">
<msg time="2026-01-12T12:19:43.616082" level="INFO">Closed browser</msg>
<tag>BrowserControl</tag>
<tag>Setter</tag>
<doc>Closes the current browser.</doc>
<status status="PASS" start="2026-01-12T12:19:43.571476" elapsed="0.044884"/>
</kw>
<status status="PASS" start="2026-01-12T12:19:41.802442" elapsed="1.814062"/>
</suite>
<status status="PASS" start="2026-01-12T12:19:41.800984" elapsed="1.829879"/>
</suite>
<status status="PASS" start="2026-01-12T12:19:41.799717" elapsed="1.831985"/>
</suite>
<status status="PASS" start="2026-01-12T12:19:41.766473" elapsed="1.865864"/>
</suite>
<statistics>
<total>
<stat pass="1" fail="0" skip="0">All Tests</stat>
</total>
<tag>
</tag>
<suite>
<stat name="Tests" id="s1" pass="1" fail="0" skip="0">Tests</stat>
<stat name="01 HerekuApp" id="s1-s1" pass="1" fail="0" skip="0">Tests.01 HerekuApp</stat>
<stat name="02 Geavanceerd" id="s1-s1-s1" pass="1" fail="0" skip="0">Tests.01 HerekuApp.02 Geavanceerd</stat>
<stat name="14 Product Search" id="s1-s1-s1-s1" pass="1" fail="0" skip="0">Tests.01 HerekuApp.02 Geavanceerd.14 Product Search</stat>
</suite>
</statistics>
<errors>
</errors>
</robot>
