<?xml version="1.0" encoding="UTF-8"?>
<robot generator="Rebot 7.4.1 (Python 3.11.14 on linux)" generated="2026-01-08T14:51:58.363837" rpa="false" schemaversion="5">
<suite id="s1" name="Tests" source="/home/runner/work/AP_RF/AP_RF/tests">
<suite id="s1-s1" name="01 HerekuApp" source="/home/runner/work/AP_RF/AP_RF/tests/01_HerekuApp">
<suite id="s1-s1-s1" name="01 Basis" source="/home/runner/work/AP_RF/AP_RF/tests/01_HerekuApp/01_basis">
<suite id="s1-s1-s1-s1" name="01 Auth" source="/home/runner/work/AP_RF/AP_RF/tests/01_HerekuApp/01_basis/01_auth.robot">
<test id="s1-s1-s1-s1-t1" name="Correcte Gegevens" line="7">
<kw name="Inloggen Met Verschillende Gegevens">
<kw name="Open De Browser Op De Inlogpagina" owner="common">
<kw name="New Browser" owner="Browser">
<msg time="2026-01-08T14:51:47.206229" level="INFO">{"browser": "chromium", "headless": false, "chromiumSandbox": false, "devtools": false, "handleSIGHUP": true, "handleSIGINT": true, "handleSIGTERM": true, "slowMo": 500.0, "timeout": 30000.0, "tracesDir": "/home/runner/work/AP_RF/AP_RF/results/pabot_results/0/browser/traces/temp/d20e795b-8e61-4bf7-888e-54d5a8d88f53"}</msg>
<msg time="2026-01-08T14:51:47.210271" level="INFO">Starting Browser process /opt/hostedtoolcache/Python/3.11.14/x64/lib/python3.11/site-packages/Browser/wrapper/index.js using at 127.0.0.1:37861</msg>
<msg time="2026-01-08T14:51:47.988094" level="INFO">Keyword 'Take Screenshot  fail-screenshot-{index}' could not be run on failure:
Error: Tried to take screenshot, but no page was open.</msg>
<msg time="2026-01-08T14:51:47.988267" level="INFO">See also file:///home/runner/work/AP_RF/AP_RF/results/pabot_results/0/playwright-log.txt for additional details.</msg>
<msg time="2026-01-08T14:51:47.988818" level="FAIL">Error: browserType.launch: Target page, context or browser has been closed
Browser logs:

╔════════════════════════════════════════════════════════════════════════════════════════════════╗
║ Looks like you launched a headed browser without having a XServer running.                     ║
║ Set either 'headless: true' or use 'xvfb-run &lt;your-playwright-app&gt;' before running Playwright. ║
║                                                                                                ║
║ &lt;3 Playwright Team                                                                             ║
╚════════════════════════════════════════════════════════════════════════════════════════════════╝
Call log:
  - &lt;launching&gt; /opt/hostedtoolcache/Python/3.11.14/x64/lib/python3.11/site-packages/Browser/wrapper/node_modules/playwright-core/.local-browsers/chromium-1200/chrome-linux64/chrome --disable-field-trial-config --disable-background-networking --disable-background-timer-throttling --disable-backgrounding-occluded-windows --disable-back-forward-cache --disable-breakpad --disable-client-side-phishing-detection --disable-component-extensions-with-background-pages --disable-component-update --no-default-browser-check --disable-default-apps --disable-dev-shm-usage --disable-extensions --disable-features=AcceptCHFrame,AvoidUnnecessaryBeforeUnloadCheckSync,DestroyProfileOnBrowserClose,DialMediaRouteProvider,GlobalMediaControls,HttpsUpgrades,LensOverlay,MediaRouter,PaintHolding,ThirdPartyStoragePartitioning,Translate,AutoDeElevate,RenderDocument,OptimizationHints --enable-features=CDPScreenshotNewSurface --allow-pre-commit-input --disable-hang-monitor --disable-ipc-flooding-protection --disable-popup-blocking --disable-prompt-on-repost --disable-renderer-backgrounding --force-color-profile=srgb --metrics-recording-only --no-first-run --password-store=basic --use-mock-keychain --no-service-autorun --export-tagged-pdf --disable-search-engine-choice-screen --unsafely-disable-devtools-self-xss-warnings --edge-skip-compat-layer-relaunch --enable-automation --disable-infobars --disable-search-engine-choice-screen --disable-sync --no-sandbox --user-data-dir=/tmp/playwright_chromiumdev_profile-5HxysP --remote-debugging-pipe --no-startup-window
  - &lt;launched&gt; pid=3112
  - [pid=3112][err] [3112:3112:0108/145147.958479:ERROR:ui/ozone/platform/x11/ozone_platform_x11.cc:259] Missing X server or $DISPLAY
  - [pid=3112][err] [3112:3112:0108/145147.958514:ERROR:ui/aura/env.cc:257] The platform failed to initialize.  Exiting.
  - [pid=3112] &lt;gracefully close start&gt;
  - [pid=3112] &lt;kill&gt;
  - [pid=3112] &lt;will force kill&gt;
  - [pid=3112] &lt;process did exit: exitCode=1, signal=null&gt;
  - [pid=3112] starting temporary directories cleanup
  - [pid=3112] finished temporary directories cleanup
  - [pid=3112] &lt;gracefully close end&gt;
</msg>
<arg>browser=${BROWSER}</arg>
<arg>headless=${HEADLESS}</arg>
<arg>slowMo=${SLOWMO}</arg>
<tag>BrowserControl</tag>
<tag>Setter</tag>
<doc>Create a new playwright Browser with specified options.</doc>
<status status="FAIL" start="2026-01-08T14:51:47.204971" elapsed="0.786690">Error: browserType.launch: Target page, context or browser has been closed
Browser logs:

╔════════════════════════════════════════════════════════════════════════════════════════════════╗
║ Looks like you launched a headed browser without having a XServer running.                     ║
║ Set either 'headless: true' or use 'xvfb-run &lt;your-playwright-app&gt;' before running Playwright. ║
║                                                                                                ║
║ &lt;3 Playwright Team                                                                             ║
╚════════════════════════════════════════════════════════════════════════════════════════════════╝
Call log:
  - &lt;launching&gt; /opt/hostedtoolcache/Python/3.11.14/x64/lib/python3.11/site-packages/Browser/wrapper/node_modules/playwright-core/.local-browsers/chromium-1200/chrome-linux64/chrome --disable-field-trial-config --disable-background-networking --disable-background-timer-throttling --disable-backgrounding-occl...
    [ Message content over the limit has been removed. ]
...ut --disable-hang-monitor --disable-ipc-flooding-protection --disable-popup-blocking --disable-prompt-on-repost --disable-renderer-backgrounding --force-color-profile=srgb --metrics-recording-only --no-first-run --password-store=basic --use-mock-keychain --no-service-autorun --export-tagged-pdf --disable-search-engine-choice-screen --unsafely-disable-devtools-self-xss-warnings --edge-skip-compat-layer-relaunch --enable-automation --disable-infobars --disable-search-engine-choice-screen --disable-sync --no-sandbox --user-data-dir=/tmp/playwright_chromiumdev_profile-5HxysP --remote-debugging-pipe --no-startup-window
  - &lt;launched&gt; pid=3112
  - [pid=3112][err] [3112:3112:0108/145147.958479:ERROR:ui/ozone/platform/x11/ozone_platform_x11.cc:259] Missing X server or $DISPLAY
  - [pid=3112][err] [3112:3112:0108/145147.958514:ERROR:ui/aura/env.cc:257] The platform failed to initialize.  Exiting.
  - [pid=3112] &lt;gracefully close start&gt;
  - [pid=3112] &lt;kill&gt;
  - [pid=3112] &lt;will force kill&gt;
  - [pid=3112] &lt;process did exit: exitCode=1, signal=null&gt;
  - [pid=3112] starting temporary directories cleanup
  - [pid=3112] finished temporary directories cleanup
  - [pid=3112] &lt;gracefully close end&gt;</status>
</kw>
<kw name="New Page" owner="Browser">
<arg>${BASE_URL}/login</arg>
<tag>BrowserControl</tag>
<tag>Setter</tag>
<doc>Open a new Page.</doc>
<status status="NOT RUN" start="2026-01-08T14:51:47.992254" elapsed="0.000108"/>
</kw>
<status status="FAIL" start="2026-01-08T14:51:47.204196" elapsed="0.788415">Error: browserType.launch: Target page, context or browser has been closed
Browser logs:

╔════════════════════════════════════════════════════════════════════════════════════════════════╗
║ Looks like you launched a headed browser without having a XServer running.                     ║
║ Set either 'headless: true' or use 'xvfb-run &lt;your-playwright-app&gt;' before running Playwright. ║
║                                                                                                ║
║ &lt;3 Playwright Team                                                                             ║
╚════════════════════════════════════════════════════════════════════════════════════════════════╝
Call log:
  - &lt;launching&gt; /opt/hostedtoolcache/Python/3.11.14/x64/lib/python3.11/site-packages/Browser/wrapper/node_modules/playwright-core/.local-browsers/chromium-1200/chrome-linux64/chrome --disable-field-trial-config --disable-background-networking --disable-background-timer-throttling --disable-backgrounding-occl...
    [ Message content over the limit has been removed. ]
...ut --disable-hang-monitor --disable-ipc-flooding-protection --disable-popup-blocking --disable-prompt-on-repost --disable-renderer-backgrounding --force-color-profile=srgb --metrics-recording-only --no-first-run --password-store=basic --use-mock-keychain --no-service-autorun --export-tagged-pdf --disable-search-engine-choice-screen --unsafely-disable-devtools-self-xss-warnings --edge-skip-compat-layer-relaunch --enable-automation --disable-infobars --disable-search-engine-choice-screen --disable-sync --no-sandbox --user-data-dir=/tmp/playwright_chromiumdev_profile-5HxysP --remote-debugging-pipe --no-startup-window
  - &lt;launched&gt; pid=3112
  - [pid=3112][err] [3112:3112:0108/145147.958479:ERROR:ui/ozone/platform/x11/ozone_platform_x11.cc:259] Missing X server or $DISPLAY
  - [pid=3112][err] [3112:3112:0108/145147.958514:ERROR:ui/aura/env.cc:257] The platform failed to initialize.  Exiting.
  - [pid=3112] &lt;gracefully close start&gt;
  - [pid=3112] &lt;kill&gt;
  - [pid=3112] &lt;will force kill&gt;
  - [pid=3112] &lt;process did exit: exitCode=1, signal=null&gt;
  - [pid=3112] starting temporary directories cleanup
  - [pid=3112] finished temporary directories cleanup
  - [pid=3112] &lt;gracefully close end&gt;</status>
</kw>
<kw name="Log In Met Gebruiker" owner="common">
<arg>${user}</arg>
<arg>${pass}</arg>
<status status="NOT RUN" start="2026-01-08T14:51:47.992838" elapsed="0.000085"/>
</kw>
<kw name="Get Text" owner="Browser">
<arg>body</arg>
<arg>contains</arg>
<arg>${check_tekst}</arg>
<tag>Assertion</tag>
<tag>Getter</tag>
<tag>PageContent</tag>
<doc>Returns text attribute of the element found by ``selector``.</doc>
<status status="NOT RUN" start="2026-01-08T14:51:47.993047" elapsed="0.000068"/>
</kw>
<arg>tomsmith</arg>
<arg>SuperSecretPassword!</arg>
<arg>Secure Area</arg>
<status status="FAIL" start="2026-01-08T14:51:47.203682" elapsed="0.789588">Error: browserType.launch: Target page, context or browser has been closed
Browser logs:

╔════════════════════════════════════════════════════════════════════════════════════════════════╗
║ Looks like you launched a headed browser without having a XServer running.                     ║
║ Set either 'headless: true' or use 'xvfb-run &lt;your-playwright-app&gt;' before running Playwright. ║
║                                                                                                ║
║ &lt;3 Playwright Team                                                                             ║
╚════════════════════════════════════════════════════════════════════════════════════════════════╝
Call log:
  - &lt;launching&gt; /opt/hostedtoolcache/Python/3.11.14/x64/lib/python3.11/site-packages/Browser/wrapper/node_modules/playwright-core/.local-browsers/chromium-1200/chrome-linux64/chrome --disable-field-trial-config --disable-background-networking --disable-background-timer-throttling --disable-backgrounding-occl...
    [ Message content over the limit has been removed. ]
...ut --disable-hang-monitor --disable-ipc-flooding-protection --disable-popup-blocking --disable-prompt-on-repost --disable-renderer-backgrounding --force-color-profile=srgb --metrics-recording-only --no-first-run --password-store=basic --use-mock-keychain --no-service-autorun --export-tagged-pdf --disable-search-engine-choice-screen --unsafely-disable-devtools-self-xss-warnings --edge-skip-compat-layer-relaunch --enable-automation --disable-infobars --disable-search-engine-choice-screen --disable-sync --no-sandbox --user-data-dir=/tmp/playwright_chromiumdev_profile-5HxysP --remote-debugging-pipe --no-startup-window
  - &lt;launched&gt; pid=3112
  - [pid=3112][err] [3112:3112:0108/145147.958479:ERROR:ui/ozone/platform/x11/ozone_platform_x11.cc:259] Missing X server or $DISPLAY
  - [pid=3112][err] [3112:3112:0108/145147.958514:ERROR:ui/aura/env.cc:257] The platform failed to initialize.  Exiting.
  - [pid=3112] &lt;gracefully close start&gt;
  - [pid=3112] &lt;kill&gt;
  - [pid=3112] &lt;will force kill&gt;
  - [pid=3112] &lt;process did exit: exitCode=1, signal=null&gt;
  - [pid=3112] starting temporary directories cleanup
  - [pid=3112] finished temporary directories cleanup
  - [pid=3112] &lt;gracefully close end&gt;</status>
</kw>
<kw name="Sluit Test En Maak Screenshot Bij Fout" owner="common" type="TEARDOWN">
<kw name="Run Keyword If Test Failed" owner="BuiltIn">
<kw name="Take Screenshot" owner="Browser">
<msg time="2026-01-08T14:51:48.004094" level="INFO">Keyword 'Take Screenshot  fail-screenshot-{index}' could not be run on failure:
Error: Tried to take screenshot, but no page was open.</msg>
<msg time="2026-01-08T14:51:48.004194" level="INFO">See also file:///home/runner/work/AP_RF/AP_RF/results/pabot_results/0/playwright-log.txt for additional details.</msg>
<msg time="2026-01-08T14:51:48.004378" level="FAIL">Error: Tried to take screenshot, but no page was open.</msg>
<tag>PageContent</tag>
<doc>Takes a screenshot of the current window or element and saves it to disk.</doc>
<status status="FAIL" start="2026-01-08T14:51:47.994792" elapsed="0.010572">Error: Tried to take screenshot, but no page was open.</status>
</kw>
<arg>Take Screenshot</arg>
<doc>Runs the given keyword with the given arguments, if the test failed.</doc>
<status status="FAIL" start="2026-01-08T14:51:47.994228" elapsed="0.011300">Error: Tried to take screenshot, but no page was open.</status>
</kw>
<kw name="Close Browser" owner="Browser">
<msg time="2026-01-08T14:51:48.008576" level="INFO">No browser open, doing nothing</msg>
<tag>BrowserControl</tag>
<tag>Setter</tag>
<doc>Closes the current browser.</doc>
<status status="PASS" start="2026-01-08T14:51:48.005725" elapsed="0.002987"/>
</kw>
<status status="FAIL" start="2026-01-08T14:51:47.993753" elapsed="0.015112">Error: Tried to take screenshot, but no page was open.</status>
</kw>
<status status="FAIL" start="2026-01-08T14:51:47.202839" elapsed="0.806125">Error: browserType.launch: Target page, context or browser has been closed
Browser logs:

╔════════════════════════════════════════════════════════════════════════════════════════════════╗
║ Looks like you launched a headed browser without having a XServer running.                     ║
║ Set either 'headless: true' or use 'xvfb-run &lt;your-playwright-app&gt;' before running Playwright. ║
║                                                                                                ║
║ &lt;3 Playwright Team                                                                             ║
╚════════════════════════════════════════════════════════════════════════════════════════════════╝
Call log:
  - &lt;launching&gt; /opt/hostedtoolcache/Python/3.11.14/x64/lib/python3.11/site-packages/Browser/wrapper/node_modules/playwright-core/.local-browsers/chromium-1200/chrome-linux64/chrome --disable-field-trial-config --disable-background-networking --disable-background-timer-throttling --disable-backgrounding-occl...
    [ Message content over the limit has been removed. ]
...ut --disable-hang-monitor --disable-ipc-flooding-protection --disable-popup-blocking --disable-prompt-on-repost --disable-renderer-backgrounding --force-color-profile=srgb --metrics-recording-only --no-first-run --password-store=basic --use-mock-keychain --no-service-autorun --export-tagged-pdf --disable-search-engine-choice-screen --unsafely-disable-devtools-self-xss-warnings --edge-skip-compat-layer-relaunch --enable-automation --disable-infobars --disable-search-engine-choice-screen --disable-sync --no-sandbox --user-data-dir=/tmp/playwright_chromiumdev_profile-5HxysP --remote-debugging-pipe --no-startup-window
  - &lt;launched&gt; pid=3112
  - [pid=3112][err] [3112:3112:0108/145147.958479:ERROR:ui/ozone/platform/x11/ozone_platform_x11.cc:259] Missing X server or $DISPLAY
  - [pid=3112][err] [3112:3112:0108/145147.958514:ERROR:ui/aura/env.cc:257] The platform failed to initialize.  Exiting.
  - [pid=3112] &lt;gracefully close start&gt;
  - [pid=3112] &lt;kill&gt;
  - [pid=3112] &lt;will force kill&gt;
  - [pid=3112] &lt;process did exit: exitCode=1, signal=null&gt;
  - [pid=3112] starting temporary directories cleanup
  - [pid=3112] finished temporary directories cleanup
  - [pid=3112] &lt;gracefully close end&gt;

Also teardown failed:
Error: Tried to take screenshot, but no page was open.</status>
</test>
<test id="s1-s1-s1-s1-t2" name="Verkeerd Wachtwoord" line="8">
<kw name="Inloggen Met Verschillende Gegevens">
<kw name="Open De Browser Op De Inlogpagina" owner="common">
<kw name="New Browser" owner="Browser">
<msg time="2026-01-08T14:51:48.019790" level="INFO">{"browser": "chromium", "headless": false, "chromiumSandbox": false, "devtools": false, "handleSIGHUP": true, "handleSIGINT": true, "handleSIGTERM": true, "slowMo": 500.0, "timeout": 30000.0, "tracesDir": "/home/runner/work/AP_RF/AP_RF/results/pabot_results/0/browser/traces/temp/8fe7f257-d546-4a9f-992b-f7c7a8a86e60"}</msg>
<msg time="2026-01-08T14:51:48.117595" level="INFO">Keyword 'Take Screenshot  fail-screenshot-{index}' could not be run on failure:
Error: Tried to take screenshot, but no page was open.</msg>
<msg time="2026-01-08T14:51:48.117752" level="INFO">See also file:///home/runner/work/AP_RF/AP_RF/results/pabot_results/0/playwright-log.txt for additional details.</msg>
<msg time="2026-01-08T14:51:48.117988" level="FAIL">Error: browserType.launch: Target page, context or browser has been closed
Browser logs:

╔════════════════════════════════════════════════════════════════════════════════════════════════╗
║ Looks like you launched a headed browser without having a XServer running.                     ║
║ Set either 'headless: true' or use 'xvfb-run &lt;your-playwright-app&gt;' before running Playwright. ║
║                                                                                                ║
║ &lt;3 Playwright Team                                                                             ║
╚════════════════════════════════════════════════════════════════════════════════════════════════╝
Call log:
  - &lt;launching&gt; /opt/hostedtoolcache/Python/3.11.14/x64/lib/python3.11/site-packages/Browser/wrapper/node_modules/playwright-core/.local-browsers/chromium-1200/chrome-linux64/chrome --disable-field-trial-config --disable-background-networking --disable-background-timer-throttling --disable-backgrounding-occluded-windows --disable-back-forward-cache --disable-breakpad --disable-client-side-phishing-detection --disable-component-extensions-with-background-pages --disable-component-update --no-default-browser-check --disable-default-apps --disable-dev-shm-usage --disable-extensions --disable-features=AcceptCHFrame,AvoidUnnecessaryBeforeUnloadCheckSync,DestroyProfileOnBrowserClose,DialMediaRouteProvider,GlobalMediaControls,HttpsUpgrades,LensOverlay,MediaRouter,PaintHolding,ThirdPartyStoragePartitioning,Translate,AutoDeElevate,RenderDocument,OptimizationHints --enable-features=CDPScreenshotNewSurface --allow-pre-commit-input --disable-hang-monitor --disable-ipc-flooding-protection --disable-popup-blocking --disable-prompt-on-repost --disable-renderer-backgrounding --force-color-profile=srgb --metrics-recording-only --no-first-run --password-store=basic --use-mock-keychain --no-service-autorun --export-tagged-pdf --disable-search-engine-choice-screen --unsafely-disable-devtools-self-xss-warnings --edge-skip-compat-layer-relaunch --enable-automation --disable-infobars --disable-search-engine-choice-screen --disable-sync --no-sandbox --user-data-dir=/tmp/playwright_chromiumdev_profile-idD8Oz --remote-debugging-pipe --no-startup-window
  - &lt;launched&gt; pid=3169
  - [pid=3169][err] [3169:3169:0108/145148.091534:ERROR:ui/ozone/platform/x11/ozone_platform_x11.cc:259] Missing X server or $DISPLAY
  - [pid=3169][err] [3169:3169:0108/145148.091593:ERROR:ui/aura/env.cc:257] The platform failed to initialize.  Exiting.
  - [pid=3169] &lt;gracefully close start&gt;
  - [pid=3169] &lt;kill&gt;
  - [pid=3169] &lt;will force kill&gt;
  - [pid=3169] &lt;process did exit: exitCode=1, signal=null&gt;
  - [pid=3169] starting temporary directories cleanup
  - [pid=3169] finished temporary directories cleanup
  - [pid=3169] &lt;gracefully close end&gt;
</msg>
<arg>browser=${BROWSER}</arg>
<arg>headless=${HEADLESS}</arg>
<arg>slowMo=${SLOWMO}</arg>
<tag>BrowserControl</tag>
<tag>Setter</tag>
<doc>Create a new playwright Browser with specified options.</doc>
<status status="FAIL" start="2026-01-08T14:51:48.018913" elapsed="0.101185">Error: browserType.launch: Target page, context or browser has been closed
Browser logs:

╔════════════════════════════════════════════════════════════════════════════════════════════════╗
║ Looks like you launched a headed browser without having a XServer running.                     ║
║ Set either 'headless: true' or use 'xvfb-run &lt;your-playwright-app&gt;' before running Playwright. ║
║                                                                                                ║
║ &lt;3 Playwright Team                                                                             ║
╚════════════════════════════════════════════════════════════════════════════════════════════════╝
Call log:
  - &lt;launching&gt; /opt/hostedtoolcache/Python/3.11.14/x64/lib/python3.11/site-packages/Browser/wrapper/node_modules/playwright-core/.local-browsers/chromium-1200/chrome-linux64/chrome --disable-field-trial-config --disable-background-networking --disable-background-timer-throttling --disable-backgrounding-occl...
    [ Message content over the limit has been removed. ]
...ut --disable-hang-monitor --disable-ipc-flooding-protection --disable-popup-blocking --disable-prompt-on-repost --disable-renderer-backgrounding --force-color-profile=srgb --metrics-recording-only --no-first-run --password-store=basic --use-mock-keychain --no-service-autorun --export-tagged-pdf --disable-search-engine-choice-screen --unsafely-disable-devtools-self-xss-warnings --edge-skip-compat-layer-relaunch --enable-automation --disable-infobars --disable-search-engine-choice-screen --disable-sync --no-sandbox --user-data-dir=/tmp/playwright_chromiumdev_profile-idD8Oz --remote-debugging-pipe --no-startup-window
  - &lt;launched&gt; pid=3169
  - [pid=3169][err] [3169:3169:0108/145148.091534:ERROR:ui/ozone/platform/x11/ozone_platform_x11.cc:259] Missing X server or $DISPLAY
  - [pid=3169][err] [3169:3169:0108/145148.091593:ERROR:ui/aura/env.cc:257] The platform failed to initialize.  Exiting.
  - [pid=3169] &lt;gracefully close start&gt;
  - [pid=3169] &lt;kill&gt;
  - [pid=3169] &lt;will force kill&gt;
  - [pid=3169] &lt;process did exit: exitCode=1, signal=null&gt;
  - [pid=3169] starting temporary directories cleanup
  - [pid=3169] finished temporary directories cleanup
  - [pid=3169] &lt;gracefully close end&gt;</status>
</kw>
<kw name="New Page" owner="Browser">
<arg>${BASE_URL}/login</arg>
<tag>BrowserControl</tag>
<tag>Setter</tag>
<doc>Open a new Page.</doc>
<status status="NOT RUN" start="2026-01-08T14:51:48.120632" elapsed="0.000120"/>
</kw>
<status status="FAIL" start="2026-01-08T14:51:48.018567" elapsed="0.102412">Error: browserType.launch: Target page, context or browser has been closed
Browser logs:

╔════════════════════════════════════════════════════════════════════════════════════════════════╗
║ Looks like you launched a headed browser without having a XServer running.                     ║
║ Set either 'headless: true' or use 'xvfb-run &lt;your-playwright-app&gt;' before running Playwright. ║
║                                                                                                ║
║ &lt;3 Playwright Team                                                                             ║
╚════════════════════════════════════════════════════════════════════════════════════════════════╝
Call log:
  - &lt;launching&gt; /opt/hostedtoolcache/Python/3.11.14/x64/lib/python3.11/site-packages/Browser/wrapper/node_modules/playwright-core/.local-browsers/chromium-1200/chrome-linux64/chrome --disable-field-trial-config --disable-background-networking --disable-background-timer-throttling --disable-backgrounding-occl...
    [ Message content over the limit has been removed. ]
...ut --disable-hang-monitor --disable-ipc-flooding-protection --disable-popup-blocking --disable-prompt-on-repost --disable-renderer-backgrounding --force-color-profile=srgb --metrics-recording-only --no-first-run --password-store=basic --use-mock-keychain --no-service-autorun --export-tagged-pdf --disable-search-engine-choice-screen --unsafely-disable-devtools-self-xss-warnings --edge-skip-compat-layer-relaunch --enable-automation --disable-infobars --disable-search-engine-choice-screen --disable-sync --no-sandbox --user-data-dir=/tmp/playwright_chromiumdev_profile-idD8Oz --remote-debugging-pipe --no-startup-window
  - &lt;launched&gt; pid=3169
  - [pid=3169][err] [3169:3169:0108/145148.091534:ERROR:ui/ozone/platform/x11/ozone_platform_x11.cc:259] Missing X server or $DISPLAY
  - [pid=3169][err] [3169:3169:0108/145148.091593:ERROR:ui/aura/env.cc:257] The platform failed to initialize.  Exiting.
  - [pid=3169] &lt;gracefully close start&gt;
  - [pid=3169] &lt;kill&gt;
  - [pid=3169] &lt;will force kill&gt;
  - [pid=3169] &lt;process did exit: exitCode=1, signal=null&gt;
  - [pid=3169] starting temporary directories cleanup
  - [pid=3169] finished temporary directories cleanup
  - [pid=3169] &lt;gracefully close end&gt;</status>
</kw>
<kw name="Log In Met Gebruiker" owner="common">
<arg>${user}</arg>
<arg>${pass}</arg>
<status status="NOT RUN" start="2026-01-08T14:51:48.121289" elapsed="0.000103"/>
</kw>
<kw name="Get Text" owner="Browser">
<arg>body</arg>
<arg>contains</arg>
<arg>${check_tekst}</arg>
<tag>Assertion</tag>
<tag>Getter</tag>
<tag>PageContent</tag>
<doc>Returns text attribute of the element found by ``selector``.</doc>
<status status="NOT RUN" start="2026-01-08T14:51:48.121574" elapsed="0.000113"/>
</kw>
<arg>tomsmith</arg>
<arg>FoutWachtwoord</arg>
<arg>Your password is invalid!</arg>
<status status="FAIL" start="2026-01-08T14:51:48.018054" elapsed="0.103844">Error: browserType.launch: Target page, context or browser has been closed
Browser logs:

╔════════════════════════════════════════════════════════════════════════════════════════════════╗
║ Looks like you launched a headed browser without having a XServer running.                     ║
║ Set either 'headless: true' or use 'xvfb-run &lt;your-playwright-app&gt;' before running Playwright. ║
║                                                                                                ║
║ &lt;3 Playwright Team                                                                             ║
╚════════════════════════════════════════════════════════════════════════════════════════════════╝
Call log:
  - &lt;launching&gt; /opt/hostedtoolcache/Python/3.11.14/x64/lib/python3.11/site-packages/Browser/wrapper/node_modules/playwright-core/.local-browsers/chromium-1200/chrome-linux64/chrome --disable-field-trial-config --disable-background-networking --disable-background-timer-throttling --disable-backgrounding-occl...
    [ Message content over the limit has been removed. ]
...ut --disable-hang-monitor --disable-ipc-flooding-protection --disable-popup-blocking --disable-prompt-on-repost --disable-renderer-backgrounding --force-color-profile=srgb --metrics-recording-only --no-first-run --password-store=basic --use-mock-keychain --no-service-autorun --export-tagged-pdf --disable-search-engine-choice-screen --unsafely-disable-devtools-self-xss-warnings --edge-skip-compat-layer-relaunch --enable-automation --disable-infobars --disable-search-engine-choice-screen --disable-sync --no-sandbox --user-data-dir=/tmp/playwright_chromiumdev_profile-idD8Oz --remote-debugging-pipe --no-startup-window
  - &lt;launched&gt; pid=3169
  - [pid=3169][err] [3169:3169:0108/145148.091534:ERROR:ui/ozone/platform/x11/ozone_platform_x11.cc:259] Missing X server or $DISPLAY
  - [pid=3169][err] [3169:3169:0108/145148.091593:ERROR:ui/aura/env.cc:257] The platform failed to initialize.  Exiting.
  - [pid=3169] &lt;gracefully close start&gt;
  - [pid=3169] &lt;kill&gt;
  - [pid=3169] &lt;will force kill&gt;
  - [pid=3169] &lt;process did exit: exitCode=1, signal=null&gt;
  - [pid=3169] starting temporary directories cleanup
  - [pid=3169] finished temporary directories cleanup
  - [pid=3169] &lt;gracefully close end&gt;</status>
</kw>
<kw name="Sluit Test En Maak Screenshot Bij Fout" owner="common" type="TEARDOWN">
<kw name="Run Keyword If Test Failed" owner="BuiltIn">
<kw name="Take Screenshot" owner="Browser">
<msg time="2026-01-08T14:51:48.134437" level="INFO">Keyword 'Take Screenshot  fail-screenshot-{index}' could not be run on failure:
Error: Tried to take screenshot, but no page was open.</msg>
<msg time="2026-01-08T14:51:48.134623" level="INFO">See also file:///home/runner/work/AP_RF/AP_RF/results/pabot_results/0/playwright-log.txt for additional details.</msg>
<msg time="2026-01-08T14:51:48.134817" level="FAIL">Error: Tried to take screenshot, but no page was open.</msg>
<tag>PageContent</tag>
<doc>Takes a screenshot of the current window or element and saves it to disk.</doc>
<status status="FAIL" start="2026-01-08T14:51:48.123493" elapsed="0.012855">Error: Tried to take screenshot, but no page was open.</status>
</kw>
<arg>Take Screenshot</arg>
<doc>Runs the given keyword with the given arguments, if the test failed.</doc>
<status status="FAIL" start="2026-01-08T14:51:48.123004" elapsed="0.013513">Error: Tried to take screenshot, but no page was open.</status>
</kw>
<kw name="Close Browser" owner="Browser">
<msg time="2026-01-08T14:51:48.139382" level="INFO">No browser open, doing nothing</msg>
<tag>BrowserControl</tag>
<tag>Setter</tag>
<doc>Closes the current browser.</doc>
<status status="PASS" start="2026-01-08T14:51:48.136734" elapsed="0.002780"/>
</kw>
<status status="FAIL" start="2026-01-08T14:51:48.122452" elapsed="0.017241">Error: Tried to take screenshot, but no page was open.</status>
</kw>
<status status="FAIL" start="2026-01-08T14:51:48.015053" elapsed="0.124755">Error: browserType.launch: Target page, context or browser has been closed
Browser logs:

╔════════════════════════════════════════════════════════════════════════════════════════════════╗
║ Looks like you launched a headed browser without having a XServer running.                     ║
║ Set either 'headless: true' or use 'xvfb-run &lt;your-playwright-app&gt;' before running Playwright. ║
║                                                                                                ║
║ &lt;3 Playwright Team                                                                             ║
╚════════════════════════════════════════════════════════════════════════════════════════════════╝
Call log:
  - &lt;launching&gt; /opt/hostedtoolcache/Python/3.11.14/x64/lib/python3.11/site-packages/Browser/wrapper/node_modules/playwright-core/.local-browsers/chromium-1200/chrome-linux64/chrome --disable-field-trial-config --disable-background-networking --disable-background-timer-throttling --disable-backgrounding-occl...
    [ Message content over the limit has been removed. ]
...ut --disable-hang-monitor --disable-ipc-flooding-protection --disable-popup-blocking --disable-prompt-on-repost --disable-renderer-backgrounding --force-color-profile=srgb --metrics-recording-only --no-first-run --password-store=basic --use-mock-keychain --no-service-autorun --export-tagged-pdf --disable-search-engine-choice-screen --unsafely-disable-devtools-self-xss-warnings --edge-skip-compat-layer-relaunch --enable-automation --disable-infobars --disable-search-engine-choice-screen --disable-sync --no-sandbox --user-data-dir=/tmp/playwright_chromiumdev_profile-idD8Oz --remote-debugging-pipe --no-startup-window
  - &lt;launched&gt; pid=3169
  - [pid=3169][err] [3169:3169:0108/145148.091534:ERROR:ui/ozone/platform/x11/ozone_platform_x11.cc:259] Missing X server or $DISPLAY
  - [pid=3169][err] [3169:3169:0108/145148.091593:ERROR:ui/aura/env.cc:257] The platform failed to initialize.  Exiting.
  - [pid=3169] &lt;gracefully close start&gt;
  - [pid=3169] &lt;kill&gt;
  - [pid=3169] &lt;will force kill&gt;
  - [pid=3169] &lt;process did exit: exitCode=1, signal=null&gt;
  - [pid=3169] starting temporary directories cleanup
  - [pid=3169] finished temporary directories cleanup
  - [pid=3169] &lt;gracefully close end&gt;

Also teardown failed:
Error: Tried to take screenshot, but no page was open.</status>
</test>
<test id="s1-s1-s1-s1-t3" name="Onbekende Gebruiker" line="9">
<kw name="Inloggen Met Verschillende Gegevens">
<kw name="Open De Browser Op De Inlogpagina" owner="common">
<kw name="New Browser" owner="Browser">
<msg time="2026-01-08T14:51:48.147919" level="INFO">{"browser": "chromium", "headless": false, "chromiumSandbox": false, "devtools": false, "handleSIGHUP": true, "handleSIGINT": true, "handleSIGTERM": true, "slowMo": 500.0, "timeout": 30000.0, "tracesDir": "/home/runner/work/AP_RF/AP_RF/results/pabot_results/0/browser/traces/temp/f675b7f7-6817-437b-8ef6-5957213514f6"}</msg>
<msg time="2026-01-08T14:51:48.232394" level="INFO">Keyword 'Take Screenshot  fail-screenshot-{index}' could not be run on failure:
Error: Tried to take screenshot, but no page was open.</msg>
<msg time="2026-01-08T14:51:48.232506" level="INFO">See also file:///home/runner/work/AP_RF/AP_RF/results/pabot_results/0/playwright-log.txt for additional details.</msg>
<msg time="2026-01-08T14:51:48.232708" level="FAIL">Error: browserType.launch: Target page, context or browser has been closed
Browser logs:

╔════════════════════════════════════════════════════════════════════════════════════════════════╗
║ Looks like you launched a headed browser without having a XServer running.                     ║
║ Set either 'headless: true' or use 'xvfb-run &lt;your-playwright-app&gt;' before running Playwright. ║
║                                                                                                ║
║ &lt;3 Playwright Team                                                                             ║
╚════════════════════════════════════════════════════════════════════════════════════════════════╝
Call log:
  - &lt;launching&gt; /opt/hostedtoolcache/Python/3.11.14/x64/lib/python3.11/site-packages/Browser/wrapper/node_modules/playwright-core/.local-browsers/chromium-1200/chrome-linux64/chrome --disable-field-trial-config --disable-background-networking --disable-background-timer-throttling --disable-backgrounding-occluded-windows --disable-back-forward-cache --disable-breakpad --disable-client-side-phishing-detection --disable-component-extensions-with-background-pages --disable-component-update --no-default-browser-check --disable-default-apps --disable-dev-shm-usage --disable-extensions --disable-features=AcceptCHFrame,AvoidUnnecessaryBeforeUnloadCheckSync,DestroyProfileOnBrowserClose,DialMediaRouteProvider,GlobalMediaControls,HttpsUpgrades,LensOverlay,MediaRouter,PaintHolding,ThirdPartyStoragePartitioning,Translate,AutoDeElevate,RenderDocument,OptimizationHints --enable-features=CDPScreenshotNewSurface --allow-pre-commit-input --disable-hang-monitor --disable-ipc-flooding-protection --disable-popup-blocking --disable-prompt-on-repost --disable-renderer-backgrounding --force-color-profile=srgb --metrics-recording-only --no-first-run --password-store=basic --use-mock-keychain --no-service-autorun --export-tagged-pdf --disable-search-engine-choice-screen --unsafely-disable-devtools-self-xss-warnings --edge-skip-compat-layer-relaunch --enable-automation --disable-infobars --disable-search-engine-choice-screen --disable-sync --no-sandbox --user-data-dir=/tmp/playwright_chromiumdev_profile-zclKXM --remote-debugging-pipe --no-startup-window
  - &lt;launched&gt; pid=3213
  - [pid=3213][err] [3213:3213:0108/145148.218035:ERROR:ui/ozone/platform/x11/ozone_platform_x11.cc:259] Missing X server or $DISPLAY
  - [pid=3213][err] [3213:3213:0108/145148.218062:ERROR:ui/aura/env.cc:257] The platform failed to initialize.  Exiting.
  - [pid=3213] &lt;gracefully close start&gt;
  - [pid=3213] &lt;kill&gt;
  - [pid=3213] &lt;will force kill&gt;
  - [pid=3213] &lt;process did exit: exitCode=1, signal=null&gt;
  - [pid=3213] starting temporary directories cleanup
  - [pid=3213] finished temporary directories cleanup
  - [pid=3213] &lt;gracefully close end&gt;
</msg>
<arg>browser=${BROWSER}</arg>
<arg>headless=${HEADLESS}</arg>
<arg>slowMo=${SLOWMO}</arg>
<tag>BrowserControl</tag>
<tag>Setter</tag>
<doc>Create a new playwright Browser with specified options.</doc>
<status status="FAIL" start="2026-01-08T14:51:48.147001" elapsed="0.086432">Error: browserType.launch: Target page, context or browser has been closed
Browser logs:

╔════════════════════════════════════════════════════════════════════════════════════════════════╗
║ Looks like you launched a headed browser without having a XServer running.                     ║
║ Set either 'headless: true' or use 'xvfb-run &lt;your-playwright-app&gt;' before running Playwright. ║
║                                                                                                ║
║ &lt;3 Playwright Team                                                                             ║
╚════════════════════════════════════════════════════════════════════════════════════════════════╝
Call log:
  - &lt;launching&gt; /opt/hostedtoolcache/Python/3.11.14/x64/lib/python3.11/site-packages/Browser/wrapper/node_modules/playwright-core/.local-browsers/chromium-1200/chrome-linux64/chrome --disable-field-trial-config --disable-background-networking --disable-background-timer-throttling --disable-backgrounding-occl...
    [ Message content over the limit has been removed. ]
...ut --disable-hang-monitor --disable-ipc-flooding-protection --disable-popup-blocking --disable-prompt-on-repost --disable-renderer-backgrounding --force-color-profile=srgb --metrics-recording-only --no-first-run --password-store=basic --use-mock-keychain --no-service-autorun --export-tagged-pdf --disable-search-engine-choice-screen --unsafely-disable-devtools-self-xss-warnings --edge-skip-compat-layer-relaunch --enable-automation --disable-infobars --disable-search-engine-choice-screen --disable-sync --no-sandbox --user-data-dir=/tmp/playwright_chromiumdev_profile-zclKXM --remote-debugging-pipe --no-startup-window
  - &lt;launched&gt; pid=3213
  - [pid=3213][err] [3213:3213:0108/145148.218035:ERROR:ui/ozone/platform/x11/ozone_platform_x11.cc:259] Missing X server or $DISPLAY
  - [pid=3213][err] [3213:3213:0108/145148.218062:ERROR:ui/aura/env.cc:257] The platform failed to initialize.  Exiting.
  - [pid=3213] &lt;gracefully close start&gt;
  - [pid=3213] &lt;kill&gt;
  - [pid=3213] &lt;will force kill&gt;
  - [pid=3213] &lt;process did exit: exitCode=1, signal=null&gt;
  - [pid=3213] starting temporary directories cleanup
  - [pid=3213] finished temporary directories cleanup
  - [pid=3213] &lt;gracefully close end&gt;</status>
</kw>
<kw name="New Page" owner="Browser">
<arg>${BASE_URL}/login</arg>
<tag>BrowserControl</tag>
<tag>Setter</tag>
<doc>Open a new Page.</doc>
<status status="NOT RUN" start="2026-01-08T14:51:48.233820" elapsed="0.000088"/>
</kw>
<status status="FAIL" start="2026-01-08T14:51:48.146678" elapsed="0.087393">Error: browserType.launch: Target page, context or browser has been closed
Browser logs:

╔════════════════════════════════════════════════════════════════════════════════════════════════╗
║ Looks like you launched a headed browser without having a XServer running.                     ║
║ Set either 'headless: true' or use 'xvfb-run &lt;your-playwright-app&gt;' before running Playwright. ║
║                                                                                                ║
║ &lt;3 Playwright Team                                                                             ║
╚════════════════════════════════════════════════════════════════════════════════════════════════╝
Call log:
  - &lt;launching&gt; /opt/hostedtoolcache/Python/3.11.14/x64/lib/python3.11/site-packages/Browser/wrapper/node_modules/playwright-core/.local-browsers/chromium-1200/chrome-linux64/chrome --disable-field-trial-config --disable-background-networking --disable-background-timer-throttling --disable-backgrounding-occl...
    [ Message content over the limit has been removed. ]
...ut --disable-hang-monitor --disable-ipc-flooding-protection --disable-popup-blocking --disable-prompt-on-repost --disable-renderer-backgrounding --force-color-profile=srgb --metrics-recording-only --no-first-run --password-store=basic --use-mock-keychain --no-service-autorun --export-tagged-pdf --disable-search-engine-choice-screen --unsafely-disable-devtools-self-xss-warnings --edge-skip-compat-layer-relaunch --enable-automation --disable-infobars --disable-search-engine-choice-screen --disable-sync --no-sandbox --user-data-dir=/tmp/playwright_chromiumdev_profile-zclKXM --remote-debugging-pipe --no-startup-window
  - &lt;launched&gt; pid=3213
  - [pid=3213][err] [3213:3213:0108/145148.218035:ERROR:ui/ozone/platform/x11/ozone_platform_x11.cc:259] Missing X server or $DISPLAY
  - [pid=3213][err] [3213:3213:0108/145148.218062:ERROR:ui/aura/env.cc:257] The platform failed to initialize.  Exiting.
  - [pid=3213] &lt;gracefully close start&gt;
  - [pid=3213] &lt;kill&gt;
  - [pid=3213] &lt;will force kill&gt;
  - [pid=3213] &lt;process did exit: exitCode=1, signal=null&gt;
  - [pid=3213] starting temporary directories cleanup
  - [pid=3213] finished temporary directories cleanup
  - [pid=3213] &lt;gracefully close end&gt;</status>
</kw>
<kw name="Log In Met Gebruiker" owner="common">
<arg>${user}</arg>
<arg>${pass}</arg>
<status status="NOT RUN" start="2026-01-08T14:51:48.234295" elapsed="0.000077"/>
</kw>
<kw name="Get Text" owner="Browser">
<arg>body</arg>
<arg>contains</arg>
<arg>${check_tekst}</arg>
<tag>Assertion</tag>
<tag>Getter</tag>
<tag>PageContent</tag>
<doc>Returns text attribute of the element found by ``selector``.</doc>
<status status="NOT RUN" start="2026-01-08T14:51:48.234482" elapsed="0.000062"/>
</kw>
<arg>Alber123</arg>
<arg>SuperSecretPassword!</arg>
<arg>Your username is invalid!</arg>
<status status="FAIL" start="2026-01-08T14:51:48.146281" elapsed="0.088437">Error: browserType.launch: Target page, context or browser has been closed
Browser logs:

╔════════════════════════════════════════════════════════════════════════════════════════════════╗
║ Looks like you launched a headed browser without having a XServer running.                     ║
║ Set either 'headless: true' or use 'xvfb-run &lt;your-playwright-app&gt;' before running Playwright. ║
║                                                                                                ║
║ &lt;3 Playwright Team                                                                             ║
╚════════════════════════════════════════════════════════════════════════════════════════════════╝
Call log:
  - &lt;launching&gt; /opt/hostedtoolcache/Python/3.11.14/x64/lib/python3.11/site-packages/Browser/wrapper/node_modules/playwright-core/.local-browsers/chromium-1200/chrome-linux64/chrome --disable-field-trial-config --disable-background-networking --disable-background-timer-throttling --disable-backgrounding-occl...
    [ Message content over the limit has been removed. ]
...ut --disable-hang-monitor --disable-ipc-flooding-protection --disable-popup-blocking --disable-prompt-on-repost --disable-renderer-backgrounding --force-color-profile=srgb --metrics-recording-only --no-first-run --password-store=basic --use-mock-keychain --no-service-autorun --export-tagged-pdf --disable-search-engine-choice-screen --unsafely-disable-devtools-self-xss-warnings --edge-skip-compat-layer-relaunch --enable-automation --disable-infobars --disable-search-engine-choice-screen --disable-sync --no-sandbox --user-data-dir=/tmp/playwright_chromiumdev_profile-zclKXM --remote-debugging-pipe --no-startup-window
  - &lt;launched&gt; pid=3213
  - [pid=3213][err] [3213:3213:0108/145148.218035:ERROR:ui/ozone/platform/x11/ozone_platform_x11.cc:259] Missing X server or $DISPLAY
  - [pid=3213][err] [3213:3213:0108/145148.218062:ERROR:ui/aura/env.cc:257] The platform failed to initialize.  Exiting.
  - [pid=3213] &lt;gracefully close start&gt;
  - [pid=3213] &lt;kill&gt;
  - [pid=3213] &lt;will force kill&gt;
  - [pid=3213] &lt;process did exit: exitCode=1, signal=null&gt;
  - [pid=3213] starting temporary directories cleanup
  - [pid=3213] finished temporary directories cleanup
  - [pid=3213] &lt;gracefully close end&gt;</status>
</kw>
<kw name="Sluit Test En Maak Screenshot Bij Fout" owner="common" type="TEARDOWN">
<kw name="Run Keyword If Test Failed" owner="BuiltIn">
<kw name="Take Screenshot" owner="Browser">
<msg time="2026-01-08T14:51:48.242865" level="INFO">Keyword 'Take Screenshot  fail-screenshot-{index}' could not be run on failure:
Error: Tried to take screenshot, but no page was open.</msg>
<msg time="2026-01-08T14:51:48.242954" level="INFO">See also file:///home/runner/work/AP_RF/AP_RF/results/pabot_results/0/playwright-log.txt for additional details.</msg>
<msg time="2026-01-08T14:51:48.243055" level="FAIL">Error: Tried to take screenshot, but no page was open.</msg>
<tag>PageContent</tag>
<doc>Takes a screenshot of the current window or element and saves it to disk.</doc>
<status status="FAIL" start="2026-01-08T14:51:48.235758" elapsed="0.007996">Error: Tried to take screenshot, but no page was open.</status>
</kw>
<arg>Take Screenshot</arg>
<doc>Runs the given keyword with the given arguments, if the test failed.</doc>
<status status="FAIL" start="2026-01-08T14:51:48.235337" elapsed="0.008544">Error: Tried to take screenshot, but no page was open.</status>
</kw>
<kw name="Close Browser" owner="Browser">
<msg time="2026-01-08T14:51:48.246061" level="INFO">No browser open, doing nothing</msg>
<tag>BrowserControl</tag>
<tag>Setter</tag>
<doc>Closes the current browser.</doc>
<status status="PASS" start="2026-01-08T14:51:48.244019" elapsed="0.002159"/>
</kw>
<status status="FAIL" start="2026-01-08T14:51:48.235006" elapsed="0.011344">Error: Tried to take screenshot, but no page was open.</status>
</kw>
<status status="FAIL" start="2026-01-08T14:51:48.144372" elapsed="0.102090">Error: browserType.launch: Target page, context or browser has been closed
Browser logs:

╔════════════════════════════════════════════════════════════════════════════════════════════════╗
║ Looks like you launched a headed browser without having a XServer running.                     ║
║ Set either 'headless: true' or use 'xvfb-run &lt;your-playwright-app&gt;' before running Playwright. ║
║                                                                                                ║
║ &lt;3 Playwright Team                                                                             ║
╚════════════════════════════════════════════════════════════════════════════════════════════════╝
Call log:
  - &lt;launching&gt; /opt/hostedtoolcache/Python/3.11.14/x64/lib/python3.11/site-packages/Browser/wrapper/node_modules/playwright-core/.local-browsers/chromium-1200/chrome-linux64/chrome --disable-field-trial-config --disable-background-networking --disable-background-timer-throttling --disable-backgrounding-occl...
    [ Message content over the limit has been removed. ]
...ut --disable-hang-monitor --disable-ipc-flooding-protection --disable-popup-blocking --disable-prompt-on-repost --disable-renderer-backgrounding --force-color-profile=srgb --metrics-recording-only --no-first-run --password-store=basic --use-mock-keychain --no-service-autorun --export-tagged-pdf --disable-search-engine-choice-screen --unsafely-disable-devtools-self-xss-warnings --edge-skip-compat-layer-relaunch --enable-automation --disable-infobars --disable-search-engine-choice-screen --disable-sync --no-sandbox --user-data-dir=/tmp/playwright_chromiumdev_profile-zclKXM --remote-debugging-pipe --no-startup-window
  - &lt;launched&gt; pid=3213
  - [pid=3213][err] [3213:3213:0108/145148.218035:ERROR:ui/ozone/platform/x11/ozone_platform_x11.cc:259] Missing X server or $DISPLAY
  - [pid=3213][err] [3213:3213:0108/145148.218062:ERROR:ui/aura/env.cc:257] The platform failed to initialize.  Exiting.
  - [pid=3213] &lt;gracefully close start&gt;
  - [pid=3213] &lt;kill&gt;
  - [pid=3213] &lt;will force kill&gt;
  - [pid=3213] &lt;process did exit: exitCode=1, signal=null&gt;
  - [pid=3213] starting temporary directories cleanup
  - [pid=3213] finished temporary directories cleanup
  - [pid=3213] &lt;gracefully close end&gt;

Also teardown failed:
Error: Tried to take screenshot, but no page was open.</status>
</test>
<test id="s1-s1-s1-s1-t4" name="Lege Velden" line="10">
<kw name="Inloggen Met Verschillende Gegevens">
<kw name="Open De Browser Op De Inlogpagina" owner="common">
<kw name="New Browser" owner="Browser">
<msg time="2026-01-08T14:51:48.254573" level="INFO">{"browser": "chromium", "headless": false, "chromiumSandbox": false, "devtools": false, "handleSIGHUP": true, "handleSIGINT": true, "handleSIGTERM": true, "slowMo": 500.0, "timeout": 30000.0, "tracesDir": "/home/runner/work/AP_RF/AP_RF/results/pabot_results/0/browser/traces/temp/7f877a77-eeda-4ef9-9ca0-756b37772811"}</msg>
<msg time="2026-01-08T14:51:48.332177" level="INFO">Keyword 'Take Screenshot  fail-screenshot-{index}' could not be run on failure:
Error: Tried to take screenshot, but no page was open.</msg>
<msg time="2026-01-08T14:51:48.332346" level="INFO">See also file:///home/runner/work/AP_RF/AP_RF/results/pabot_results/0/playwright-log.txt for additional details.</msg>
<msg time="2026-01-08T14:51:48.332599" level="FAIL">Error: browserType.launch: Target page, context or browser has been closed
Browser logs:

╔════════════════════════════════════════════════════════════════════════════════════════════════╗
║ Looks like you launched a headed browser without having a XServer running.                     ║
║ Set either 'headless: true' or use 'xvfb-run &lt;your-playwright-app&gt;' before running Playwright. ║
║                                                                                                ║
║ &lt;3 Playwright Team                                                                             ║
╚════════════════════════════════════════════════════════════════════════════════════════════════╝
Call log:
  - &lt;launching&gt; /opt/hostedtoolcache/Python/3.11.14/x64/lib/python3.11/site-packages/Browser/wrapper/node_modules/playwright-core/.local-browsers/chromium-1200/chrome-linux64/chrome --disable-field-trial-config --disable-background-networking --disable-background-timer-throttling --disable-backgrounding-occluded-windows --disable-back-forward-cache --disable-breakpad --disable-client-side-phishing-detection --disable-component-extensions-with-background-pages --disable-component-update --no-default-browser-check --disable-default-apps --disable-dev-shm-usage --disable-extensions --disable-features=AcceptCHFrame,AvoidUnnecessaryBeforeUnloadCheckSync,DestroyProfileOnBrowserClose,DialMediaRouteProvider,GlobalMediaControls,HttpsUpgrades,LensOverlay,MediaRouter,PaintHolding,ThirdPartyStoragePartitioning,Translate,AutoDeElevate,RenderDocument,OptimizationHints --enable-features=CDPScreenshotNewSurface --allow-pre-commit-input --disable-hang-monitor --disable-ipc-flooding-protection --disable-popup-blocking --disable-prompt-on-repost --disable-renderer-backgrounding --force-color-profile=srgb --metrics-recording-only --no-first-run --password-store=basic --use-mock-keychain --no-service-autorun --export-tagged-pdf --disable-search-engine-choice-screen --unsafely-disable-devtools-self-xss-warnings --edge-skip-compat-layer-relaunch --enable-automation --disable-infobars --disable-search-engine-choice-screen --disable-sync --no-sandbox --user-data-dir=/tmp/playwright_chromiumdev_profile-XDsz2i --remote-debugging-pipe --no-startup-window
  - &lt;launched&gt; pid=3234
  - [pid=3234][err] [3234:3234:0108/145148.314445:ERROR:ui/ozone/platform/x11/ozone_platform_x11.cc:259] Missing X server or $DISPLAY
  - [pid=3234][err] [3234:3234:0108/145148.314475:ERROR:ui/aura/env.cc:257] The platform failed to initialize.  Exiting.
  - [pid=3234] &lt;gracefully close start&gt;
  - [pid=3234] &lt;kill&gt;
  - [pid=3234] &lt;will force kill&gt;
  - [pid=3234] &lt;process did exit: exitCode=1, signal=null&gt;
  - [pid=3234] starting temporary directories cleanup
  - [pid=3234] finished temporary directories cleanup
  - [pid=3234] &lt;gracefully close end&gt;
</msg>
<arg>browser=${BROWSER}</arg>
<arg>headless=${HEADLESS}</arg>
<arg>slowMo=${SLOWMO}</arg>
<tag>BrowserControl</tag>
<tag>Setter</tag>
<doc>Create a new playwright Browser with specified options.</doc>
<status status="FAIL" start="2026-01-08T14:51:48.253669" elapsed="0.080058">Error: browserType.launch: Target page, context or browser has been closed
Browser logs:

╔════════════════════════════════════════════════════════════════════════════════════════════════╗
║ Looks like you launched a headed browser without having a XServer running.                     ║
║ Set either 'headless: true' or use 'xvfb-run &lt;your-playwright-app&gt;' before running Playwright. ║
║                                                                                                ║
║ &lt;3 Playwright Team                                                                             ║
╚════════════════════════════════════════════════════════════════════════════════════════════════╝
Call log:
  - &lt;launching&gt; /opt/hostedtoolcache/Python/3.11.14/x64/lib/python3.11/site-packages/Browser/wrapper/node_modules/playwright-core/.local-browsers/chromium-1200/chrome-linux64/chrome --disable-field-trial-config --disable-background-networking --disable-background-timer-throttling --disable-backgrounding-occl...
    [ Message content over the limit has been removed. ]
...ut --disable-hang-monitor --disable-ipc-flooding-protection --disable-popup-blocking --disable-prompt-on-repost --disable-renderer-backgrounding --force-color-profile=srgb --metrics-recording-only --no-first-run --password-store=basic --use-mock-keychain --no-service-autorun --export-tagged-pdf --disable-search-engine-choice-screen --unsafely-disable-devtools-self-xss-warnings --edge-skip-compat-layer-relaunch --enable-automation --disable-infobars --disable-search-engine-choice-screen --disable-sync --no-sandbox --user-data-dir=/tmp/playwright_chromiumdev_profile-XDsz2i --remote-debugging-pipe --no-startup-window
  - &lt;launched&gt; pid=3234
  - [pid=3234][err] [3234:3234:0108/145148.314445:ERROR:ui/ozone/platform/x11/ozone_platform_x11.cc:259] Missing X server or $DISPLAY
  - [pid=3234][err] [3234:3234:0108/145148.314475:ERROR:ui/aura/env.cc:257] The platform failed to initialize.  Exiting.
  - [pid=3234] &lt;gracefully close start&gt;
  - [pid=3234] &lt;kill&gt;
  - [pid=3234] &lt;will force kill&gt;
  - [pid=3234] &lt;process did exit: exitCode=1, signal=null&gt;
  - [pid=3234] starting temporary directories cleanup
  - [pid=3234] finished temporary directories cleanup
  - [pid=3234] &lt;gracefully close end&gt;</status>
</kw>
<kw name="New Page" owner="Browser">
<arg>${BASE_URL}/login</arg>
<tag>BrowserControl</tag>
<tag>Setter</tag>
<doc>Open a new Page.</doc>
<status status="NOT RUN" start="2026-01-08T14:51:48.335263" elapsed="0.000118"/>
</kw>
<status status="FAIL" start="2026-01-08T14:51:48.253311" elapsed="0.082321">Error: browserType.launch: Target page, context or browser has been closed
Browser logs:

╔════════════════════════════════════════════════════════════════════════════════════════════════╗
║ Looks like you launched a headed browser without having a XServer running.                     ║
║ Set either 'headless: true' or use 'xvfb-run &lt;your-playwright-app&gt;' before running Playwright. ║
║                                                                                                ║
║ &lt;3 Playwright Team                                                                             ║
╚════════════════════════════════════════════════════════════════════════════════════════════════╝
Call log:
  - &lt;launching&gt; /opt/hostedtoolcache/Python/3.11.14/x64/lib/python3.11/site-packages/Browser/wrapper/node_modules/playwright-core/.local-browsers/chromium-1200/chrome-linux64/chrome --disable-field-trial-config --disable-background-networking --disable-background-timer-throttling --disable-backgrounding-occl...
    [ Message content over the limit has been removed. ]
...ut --disable-hang-monitor --disable-ipc-flooding-protection --disable-popup-blocking --disable-prompt-on-repost --disable-renderer-backgrounding --force-color-profile=srgb --metrics-recording-only --no-first-run --password-store=basic --use-mock-keychain --no-service-autorun --export-tagged-pdf --disable-search-engine-choice-screen --unsafely-disable-devtools-self-xss-warnings --edge-skip-compat-layer-relaunch --enable-automation --disable-infobars --disable-search-engine-choice-screen --disable-sync --no-sandbox --user-data-dir=/tmp/playwright_chromiumdev_profile-XDsz2i --remote-debugging-pipe --no-startup-window
  - &lt;launched&gt; pid=3234
  - [pid=3234][err] [3234:3234:0108/145148.314445:ERROR:ui/ozone/platform/x11/ozone_platform_x11.cc:259] Missing X server or $DISPLAY
  - [pid=3234][err] [3234:3234:0108/145148.314475:ERROR:ui/aura/env.cc:257] The platform failed to initialize.  Exiting.
  - [pid=3234] &lt;gracefully close start&gt;
  - [pid=3234] &lt;kill&gt;
  - [pid=3234] &lt;will force kill&gt;
  - [pid=3234] &lt;process did exit: exitCode=1, signal=null&gt;
  - [pid=3234] starting temporary directories cleanup
  - [pid=3234] finished temporary directories cleanup
  - [pid=3234] &lt;gracefully close end&gt;</status>
</kw>
<kw name="Log In Met Gebruiker" owner="common">
<arg>${user}</arg>
<arg>${pass}</arg>
<status status="NOT RUN" start="2026-01-08T14:51:48.335939" elapsed="0.000104"/>
</kw>
<kw name="Get Text" owner="Browser">
<arg>body</arg>
<arg>contains</arg>
<arg>${check_tekst}</arg>
<tag>Assertion</tag>
<tag>Getter</tag>
<tag>PageContent</tag>
<doc>Returns text attribute of the element found by ``selector``.</doc>
<status status="NOT RUN" start="2026-01-08T14:51:48.336196" elapsed="0.000089"/>
</kw>
<arg>${EMPTY}</arg>
<arg>${EMPTY}</arg>
<arg>Your username is invalid!</arg>
<status status="FAIL" start="2026-01-08T14:51:48.251956" elapsed="0.084529">Error: browserType.launch: Target page, context or browser has been closed
Browser logs:

╔════════════════════════════════════════════════════════════════════════════════════════════════╗
║ Looks like you launched a headed browser without having a XServer running.                     ║
║ Set either 'headless: true' or use 'xvfb-run &lt;your-playwright-app&gt;' before running Playwright. ║
║                                                                                                ║
║ &lt;3 Playwright Team                                                                             ║
╚════════════════════════════════════════════════════════════════════════════════════════════════╝
Call log:
  - &lt;launching&gt; /opt/hostedtoolcache/Python/3.11.14/x64/lib/python3.11/site-packages/Browser/wrapper/node_modules/playwright-core/.local-browsers/chromium-1200/chrome-linux64/chrome --disable-field-trial-config --disable-background-networking --disable-background-timer-throttling --disable-backgrounding-occl...
    [ Message content over the limit has been removed. ]
...ut --disable-hang-monitor --disable-ipc-flooding-protection --disable-popup-blocking --disable-prompt-on-repost --disable-renderer-backgrounding --force-color-profile=srgb --metrics-recording-only --no-first-run --password-store=basic --use-mock-keychain --no-service-autorun --export-tagged-pdf --disable-search-engine-choice-screen --unsafely-disable-devtools-self-xss-warnings --edge-skip-compat-layer-relaunch --enable-automation --disable-infobars --disable-search-engine-choice-screen --disable-sync --no-sandbox --user-data-dir=/tmp/playwright_chromiumdev_profile-XDsz2i --remote-debugging-pipe --no-startup-window
  - &lt;launched&gt; pid=3234
  - [pid=3234][err] [3234:3234:0108/145148.314445:ERROR:ui/ozone/platform/x11/ozone_platform_x11.cc:259] Missing X server or $DISPLAY
  - [pid=3234][err] [3234:3234:0108/145148.314475:ERROR:ui/aura/env.cc:257] The platform failed to initialize.  Exiting.
  - [pid=3234] &lt;gracefully close start&gt;
  - [pid=3234] &lt;kill&gt;
  - [pid=3234] &lt;will force kill&gt;
  - [pid=3234] &lt;process did exit: exitCode=1, signal=null&gt;
  - [pid=3234] starting temporary directories cleanup
  - [pid=3234] finished temporary directories cleanup
  - [pid=3234] &lt;gracefully close end&gt;</status>
</kw>
<kw name="Sluit Test En Maak Screenshot Bij Fout" owner="common" type="TEARDOWN">
<kw name="Run Keyword If Test Failed" owner="BuiltIn">
<kw name="Take Screenshot" owner="Browser">
<msg time="2026-01-08T14:51:48.344139" level="INFO">Keyword 'Take Screenshot  fail-screenshot-{index}' could not be run on failure:
Error: Tried to take screenshot, but no page was open.</msg>
<msg time="2026-01-08T14:51:48.344220" level="INFO">See also file:///home/runner/work/AP_RF/AP_RF/results/pabot_results/0/playwright-log.txt for additional details.</msg>
<msg time="2026-01-08T14:51:48.344322" level="FAIL">Error: Tried to take screenshot, but no page was open.</msg>
<tag>PageContent</tag>
<doc>Takes a screenshot of the current window or element and saves it to disk.</doc>
<status status="FAIL" start="2026-01-08T14:51:48.338518" elapsed="0.006482">Error: Tried to take screenshot, but no page was open.</status>
</kw>
<arg>Take Screenshot</arg>
<doc>Runs the given keyword with the given arguments, if the test failed.</doc>
<status status="FAIL" start="2026-01-08T14:51:48.338166" elapsed="0.006984">Error: Tried to take screenshot, but no page was open.</status>
</kw>
<kw name="Close Browser" owner="Browser">
<msg time="2026-01-08T14:51:48.347255" level="INFO">No browser open, doing nothing</msg>
<tag>BrowserControl</tag>
<tag>Setter</tag>
<doc>Closes the current browser.</doc>
<status status="PASS" start="2026-01-08T14:51:48.345321" elapsed="0.002018"/>
</kw>
<status status="FAIL" start="2026-01-08T14:51:48.337853" elapsed="0.009608">Error: Tried to take screenshot, but no page was open.</status>
</kw>
<status status="FAIL" start="2026-01-08T14:51:48.249988" elapsed="0.097557">Error: browserType.launch: Target page, context or browser has been closed
Browser logs:

╔════════════════════════════════════════════════════════════════════════════════════════════════╗
║ Looks like you launched a headed browser without having a XServer running.                     ║
║ Set either 'headless: true' or use 'xvfb-run &lt;your-playwright-app&gt;' before running Playwright. ║
║                                                                                                ║
║ &lt;3 Playwright Team                                                                             ║
╚════════════════════════════════════════════════════════════════════════════════════════════════╝
Call log:
  - &lt;launching&gt; /opt/hostedtoolcache/Python/3.11.14/x64/lib/python3.11/site-packages/Browser/wrapper/node_modules/playwright-core/.local-browsers/chromium-1200/chrome-linux64/chrome --disable-field-trial-config --disable-background-networking --disable-background-timer-throttling --disable-backgrounding-occl...
    [ Message content over the limit has been removed. ]
...ut --disable-hang-monitor --disable-ipc-flooding-protection --disable-popup-blocking --disable-prompt-on-repost --disable-renderer-backgrounding --force-color-profile=srgb --metrics-recording-only --no-first-run --password-store=basic --use-mock-keychain --no-service-autorun --export-tagged-pdf --disable-search-engine-choice-screen --unsafely-disable-devtools-self-xss-warnings --edge-skip-compat-layer-relaunch --enable-automation --disable-infobars --disable-search-engine-choice-screen --disable-sync --no-sandbox --user-data-dir=/tmp/playwright_chromiumdev_profile-XDsz2i --remote-debugging-pipe --no-startup-window
  - &lt;launched&gt; pid=3234
  - [pid=3234][err] [3234:3234:0108/145148.314445:ERROR:ui/ozone/platform/x11/ozone_platform_x11.cc:259] Missing X server or $DISPLAY
  - [pid=3234][err] [3234:3234:0108/145148.314475:ERROR:ui/aura/env.cc:257] The platform failed to initialize.  Exiting.
  - [pid=3234] &lt;gracefully close start&gt;
  - [pid=3234] &lt;kill&gt;
  - [pid=3234] &lt;will force kill&gt;
  - [pid=3234] &lt;process did exit: exitCode=1, signal=null&gt;
  - [pid=3234] starting temporary directories cleanup
  - [pid=3234] finished temporary directories cleanup
  - [pid=3234] &lt;gracefully close end&gt;

Also teardown failed:
Error: Tried to take screenshot, but no page was open.</status>
</test>
<status status="FAIL" start="2026-01-08T14:51:46.911000" elapsed="1.131000"/>
</suite>
<suite id="s1-s1-s1-s2" name="02 Data" source="/home/runner/work/AP_RF/AP_RF/tests/01_HerekuApp/01_basis/02_data.robot">
<test id="s1-s1-s1-s2-t1" name="Wachten Op Dynamische Content" line="10">
<kw name="New Browser" owner="Browser">
<msg time="2026-01-08T14:51:46.992223" level="INFO">{"browser": "chromium", "headless": false, "chromiumSandbox": false, "devtools": false, "handleSIGHUP": true, "handleSIGINT": true, "handleSIGTERM": true, "slowMo": 0.0, "timeout": 30000.0, "tracesDir": "/home/runner/work/AP_RF/AP_RF/results/pabot_results/1/browser/traces/temp/bc8ed5db-0fba-4d50-b512-644304c5bf44"}</msg>
<msg time="2026-01-08T14:51:46.996378" level="INFO">Starting Browser process /opt/hostedtoolcache/Python/3.11.14/x64/lib/python3.11/site-packages/Browser/wrapper/index.js using at 127.0.0.1:55873</msg>
<msg time="2026-01-08T14:51:47.727760" level="INFO">Keyword 'Take Screenshot  fail-screenshot-{index}' could not be run on failure:
Error: Tried to take screenshot, but no page was open.</msg>
<msg time="2026-01-08T14:51:47.727920" level="INFO">See also file:///home/runner/work/AP_RF/AP_RF/results/pabot_results/1/playwright-log.txt for additional details.</msg>
<msg time="2026-01-08T14:51:47.728401" level="FAIL">Error: browserType.launch: Target page, context or browser has been closed
Browser logs:

╔════════════════════════════════════════════════════════════════════════════════════════════════╗
║ Looks like you launched a headed browser without having a XServer running.                     ║
║ Set either 'headless: true' or use 'xvfb-run &lt;your-playwright-app&gt;' before running Playwright. ║
║                                                                                                ║
║ &lt;3 Playwright Team                                                                             ║
╚════════════════════════════════════════════════════════════════════════════════════════════════╝
Call log:
  - &lt;launching&gt; /opt/hostedtoolcache/Python/3.11.14/x64/lib/python3.11/site-packages/Browser/wrapper/node_modules/playwright-core/.local-browsers/chromium-1200/chrome-linux64/chrome --disable-field-trial-config --disable-background-networking --disable-background-timer-throttling --disable-backgrounding-occluded-windows --disable-back-forward-cache --disable-breakpad --disable-client-side-phishing-detection --disable-component-extensions-with-background-pages --disable-component-update --no-default-browser-check --disable-default-apps --disable-dev-shm-usage --disable-extensions --disable-features=AcceptCHFrame,AvoidUnnecessaryBeforeUnloadCheckSync,DestroyProfileOnBrowserClose,DialMediaRouteProvider,GlobalMediaControls,HttpsUpgrades,LensOverlay,MediaRouter,PaintHolding,ThirdPartyStoragePartitioning,Translate,AutoDeElevate,RenderDocument,OptimizationHints --enable-features=CDPScreenshotNewSurface --allow-pre-commit-input --disable-hang-monitor --disable-ipc-flooding-protection --disable-popup-blocking --disable-prompt-on-repost --disable-renderer-backgrounding --force-color-profile=srgb --metrics-recording-only --no-first-run --password-store=basic --use-mock-keychain --no-service-autorun --export-tagged-pdf --disable-search-engine-choice-screen --unsafely-disable-devtools-self-xss-warnings --edge-skip-compat-layer-relaunch --enable-automation --disable-infobars --disable-search-engine-choice-screen --disable-sync --no-sandbox --user-data-dir=/tmp/playwright_chromiumdev_profile-IDozSw --remote-debugging-pipe --no-startup-window
  - &lt;launched&gt; pid=3086
  - [pid=3086][err] [3086:3086:0108/145147.661243:ERROR:ui/ozone/platform/x11/ozone_platform_x11.cc:259] Missing X server or $DISPLAY
  - [pid=3086][err] [3086:3086:0108/145147.661279:ERROR:ui/aura/env.cc:257] The platform failed to initialize.  Exiting.
  - [pid=3086] &lt;gracefully close start&gt;
  - [pid=3086] &lt;kill&gt;
  - [pid=3086] &lt;will force kill&gt;
  - [pid=3086] &lt;process did exit: exitCode=1, signal=null&gt;
  - [pid=3086] starting temporary directories cleanup
  - [pid=3086] finished temporary directories cleanup
  - [pid=3086] &lt;gracefully close end&gt;
</msg>
<arg>browser=${BROWSER}</arg>
<arg>headless=${HEADLESS}</arg>
<tag>BrowserControl</tag>
<tag>Setter</tag>
<doc>Create a new playwright Browser with specified options.</doc>
<status status="FAIL" start="2026-01-08T14:51:46.991497" elapsed="0.928458">Error: browserType.launch: Target page, context or browser has been closed
Browser logs:

╔════════════════════════════════════════════════════════════════════════════════════════════════╗
║ Looks like you launched a headed browser without having a XServer running.                     ║
║ Set either 'headless: true' or use 'xvfb-run &lt;your-playwright-app&gt;' before running Playwright. ║
║                                                                                                ║
║ &lt;3 Playwright Team                                                                             ║
╚════════════════════════════════════════════════════════════════════════════════════════════════╝
Call log:
  - &lt;launching&gt; /opt/hostedtoolcache/Python/3.11.14/x64/lib/python3.11/site-packages/Browser/wrapper/node_modules/playwright-core/.local-browsers/chromium-1200/chrome-linux64/chrome --disable-field-trial-config --disable-background-networking --disable-background-timer-throttling --disable-backgrounding-occl...
    [ Message content over the limit has been removed. ]
...ut --disable-hang-monitor --disable-ipc-flooding-protection --disable-popup-blocking --disable-prompt-on-repost --disable-renderer-backgrounding --force-color-profile=srgb --metrics-recording-only --no-first-run --password-store=basic --use-mock-keychain --no-service-autorun --export-tagged-pdf --disable-search-engine-choice-screen --unsafely-disable-devtools-self-xss-warnings --edge-skip-compat-layer-relaunch --enable-automation --disable-infobars --disable-search-engine-choice-screen --disable-sync --no-sandbox --user-data-dir=/tmp/playwright_chromiumdev_profile-IDozSw --remote-debugging-pipe --no-startup-window
  - &lt;launched&gt; pid=3086
  - [pid=3086][err] [3086:3086:0108/145147.661243:ERROR:ui/ozone/platform/x11/ozone_platform_x11.cc:259] Missing X server or $DISPLAY
  - [pid=3086][err] [3086:3086:0108/145147.661279:ERROR:ui/aura/env.cc:257] The platform failed to initialize.  Exiting.
  - [pid=3086] &lt;gracefully close start&gt;
  - [pid=3086] &lt;kill&gt;
  - [pid=3086] &lt;will force kill&gt;
  - [pid=3086] &lt;process did exit: exitCode=1, signal=null&gt;
  - [pid=3086] starting temporary directories cleanup
  - [pid=3086] finished temporary directories cleanup
  - [pid=3086] &lt;gracefully close end&gt;</status>
</kw>
<kw name="New Page" owner="Browser">
<arg>${DYNAMIC_URL}</arg>
<tag>BrowserControl</tag>
<tag>Setter</tag>
<doc>Open a new Page.</doc>
<status status="NOT RUN" start="2026-01-08T14:51:47.920650" elapsed="0.000186"/>
</kw>
<kw name="Click" owner="Browser">
<arg>button &gt;&gt; text=Start</arg>
<tag>PageContent</tag>
<tag>Setter</tag>
<doc>Simulates mouse click on the element found by ``selector``.</doc>
<status status="NOT RUN" start="2026-01-08T14:51:47.921068" elapsed="0.000167"/>
</kw>
<kw name="Wait For Elements State" owner="Browser">
<arg>text=Hello World!</arg>
<arg>visible</arg>
<arg>timeout=10s</arg>
<tag>PageContent</tag>
<tag>Wait</tag>
<doc>Waits for the element found by ``selector`` to satisfy state option.</doc>
<status status="NOT RUN" start="2026-01-08T14:51:47.921440" elapsed="0.000128"/>
</kw>
<kw name="Get Text" owner="Browser">
<arg>text=Hello World!</arg>
<arg>==</arg>
<arg>Hello World!</arg>
<tag>Assertion</tag>
<tag>Getter</tag>
<tag>PageContent</tag>
<doc>Returns text attribute of the element found by ``selector``.</doc>
<status status="NOT RUN" start="2026-01-08T14:51:47.921769" elapsed="0.000111"/>
</kw>
<kw name="Sluit Test En Maak Screenshot Bij Fout" owner="common" type="TEARDOWN">
<kw name="Run Keyword If Test Failed" owner="BuiltIn">
<kw name="Take Screenshot" owner="Browser">
<msg time="2026-01-08T14:51:47.933859" level="INFO">Keyword 'Take Screenshot  fail-screenshot-{index}' could not be run on failure:
Error: Tried to take screenshot, but no page was open.</msg>
<msg time="2026-01-08T14:51:47.934016" level="INFO">See also file:///home/runner/work/AP_RF/AP_RF/results/pabot_results/1/playwright-log.txt for additional details.</msg>
<msg time="2026-01-08T14:51:47.934211" level="FAIL">Error: Tried to take screenshot, but no page was open.</msg>
<tag>PageContent</tag>
<doc>Takes a screenshot of the current window or element and saves it to disk.</doc>
<status status="FAIL" start="2026-01-08T14:51:47.923721" elapsed="0.011781">Error: Tried to take screenshot, but no page was open.</status>
</kw>
<arg>Take Screenshot</arg>
<doc>Runs the given keyword with the given arguments, if the test failed.</doc>
<status status="FAIL" start="2026-01-08T14:51:47.923004" elapsed="0.012750">Error: Tried to take screenshot, but no page was open.</status>
</kw>
<kw name="Close Browser" owner="Browser">
<msg time="2026-01-08T14:51:47.939895" level="INFO">No browser open, doing nothing</msg>
<tag>BrowserControl</tag>
<tag>Setter</tag>
<doc>Closes the current browser.</doc>
<status status="PASS" start="2026-01-08T14:51:47.936007" elapsed="0.004047"/>
</kw>
<status status="FAIL" start="2026-01-08T14:51:47.922477" elapsed="0.017836">Error: Tried to take screenshot, but no page was open.</status>
</kw>
<status status="FAIL" start="2026-01-08T14:51:46.990531" elapsed="0.949916">Error: browserType.launch: Target page, context or browser has been closed
Browser logs:

╔════════════════════════════════════════════════════════════════════════════════════════════════╗
║ Looks like you launched a headed browser without having a XServer running.                     ║
║ Set either 'headless: true' or use 'xvfb-run &lt;your-playwright-app&gt;' before running Playwright. ║
║                                                                                                ║
║ &lt;3 Playwright Team                                                                             ║
╚════════════════════════════════════════════════════════════════════════════════════════════════╝
Call log:
  - &lt;launching&gt; /opt/hostedtoolcache/Python/3.11.14/x64/lib/python3.11/site-packages/Browser/wrapper/node_modules/playwright-core/.local-browsers/chromium-1200/chrome-linux64/chrome --disable-field-trial-config --disable-background-networking --disable-background-timer-throttling --disable-backgrounding-occl...
    [ Message content over the limit has been removed. ]
...ut --disable-hang-monitor --disable-ipc-flooding-protection --disable-popup-blocking --disable-prompt-on-repost --disable-renderer-backgrounding --force-color-profile=srgb --metrics-recording-only --no-first-run --password-store=basic --use-mock-keychain --no-service-autorun --export-tagged-pdf --disable-search-engine-choice-screen --unsafely-disable-devtools-self-xss-warnings --edge-skip-compat-layer-relaunch --enable-automation --disable-infobars --disable-search-engine-choice-screen --disable-sync --no-sandbox --user-data-dir=/tmp/playwright_chromiumdev_profile-IDozSw --remote-debugging-pipe --no-startup-window
  - &lt;launched&gt; pid=3086
  - [pid=3086][err] [3086:3086:0108/145147.661243:ERROR:ui/ozone/platform/x11/ozone_platform_x11.cc:259] Missing X server or $DISPLAY
  - [pid=3086][err] [3086:3086:0108/145147.661279:ERROR:ui/aura/env.cc:257] The platform failed to initialize.  Exiting.
  - [pid=3086] &lt;gracefully close start&gt;
  - [pid=3086] &lt;kill&gt;
  - [pid=3086] &lt;will force kill&gt;
  - [pid=3086] &lt;process did exit: exitCode=1, signal=null&gt;
  - [pid=3086] starting temporary directories cleanup
  - [pid=3086] finished temporary directories cleanup
  - [pid=3086] &lt;gracefully close end&gt;

Also teardown failed:
Error: Tried to take screenshot, but no page was open.</status>
</test>
<test id="s1-s1-s1-s2-t2" name="Zoek Waarde In Dynamische Tabel" line="19">
<kw name="New Page" owner="Browser">
<msg time="2026-01-08T14:51:48.538641" level="INFO">Successfully initialized new page object and opened url: https://the-internet.herokuapp.com/challenging_dom</msg>
<msg time="2026-01-08T14:51:48.538745" level="INFO">No browser and context was open. New browser and context was automatically opened when page is created.</msg>
<arg>${TABEL_URL}</arg>
<tag>BrowserControl</tag>
<tag>Setter</tag>
<doc>Open a new Page.</doc>
<status status="PASS" start="2026-01-08T14:51:47.950392" elapsed="0.588536"/>
</kw>
<kw name="Get Elements" owner="Browser">
<msg time="2026-01-08T14:51:48.579944" level="INFO">Found locator('table').locator('tbody').locator('tr').first(),locator('table').locator('tbody').locator('tr').nth(1),locator('table').locator('tbody').locator('tr').nth(2),locator('table').locator('tbody').locator('tr').nth(3),locator('table').locator('tbody').locator('tr').nth(4),locator('table').locator('tbody').locator('tr').nth(5),locator('table').locator('tbody').locator('tr').nth(6),locator('table').locator('tbody').locator('tr').nth(7),locator('table').locator('tbody').locator('tr').nth(8),locator('table').locator('tbody').locator('tr').nth(9) Locators successfully.</msg>
<msg time="2026-01-08T14:51:48.580221" level="INFO">${rijen} = ['table &gt;&gt; tbody &gt;&gt; tr &gt;&gt; nth=0', 'table &gt;&gt; tbody &gt;&gt; tr &gt;&gt; nth=1', 'table &gt;&gt; tbody &gt;&gt; tr &gt;&gt; nth=2', 'table &gt;&gt; tbody &gt;&gt; tr &gt;&gt; nth=3', 'table &gt;&gt; tbody &gt;&gt; tr &gt;&gt; nth=4', 'table &gt;&gt; tbody &gt;&gt; tr &gt;&gt; nth=5', '...</msg>
<var>${rijen}</var>
<arg>table &gt;&gt; tbody &gt;&gt; tr</arg>
<tag>Getter</tag>
<tag>PageContent</tag>
<doc>Returns a reference to Playwright [https://playwright.dev/docs/api/class-locator|Locator]
for all matched elements by ``selector``.</doc>
<status status="PASS" start="2026-01-08T14:51:48.539205" elapsed="0.041051"/>
</kw>
<for flavor="IN">
<iter>
<kw name="Get Text" owner="Browser">
<msg time="2026-01-08T14:51:48.612867" level="INFO">Text: 'Apeirian0'</msg>
<msg time="2026-01-08T14:51:48.613045" level="INFO">${tekst} = Apeirian0</msg>
<var>${tekst}</var>
<arg>${rij} &gt;&gt; td:nth-child(2)</arg>
<tag>Assertion</tag>
<tag>Getter</tag>
[...]
  - &lt;launched&gt; pid=4109
  - [pid=4109][err] [4109:4109:0108/145157.844423:ERROR:ui/ozone/platform/x11/ozone_platform_x11.cc:259] Missing X server or $DISPLAY
  - [pid=4109][err] [4109:4109:0108/145157.844462:ERROR:ui/aura/env.cc:257] The platform failed to initialize.  Exiting.
  - [pid=4109] &lt;gracefully close start&gt;
  - [pid=4109] &lt;kill&gt;
  - [pid=4109] &lt;will force kill&gt;
  - [pid=4109] &lt;process did exit: exitCode=1, signal=null&gt;
  - [pid=4109] starting temporary directories cleanup
  - [pid=4109] finished temporary directories cleanup
  - [pid=4109] &lt;gracefully close end&gt;
</msg>
<arg>browser=${BROWSER}</arg>
<arg>headless=${HEADLESS}</arg>
<tag>BrowserControl</tag>
<tag>Setter</tag>
<doc>Create a new playwright Browser with specified options.</doc>
<status status="FAIL" start="2026-01-08T14:51:57.765200" elapsed="0.096833">Error: browserType.launch: Target page, context or browser has been closed
Browser logs:

╔════════════════════════════════════════════════════════════════════════════════════════════════╗
║ Looks like you launched a headed browser without having a XServer running.                     ║
║ Set either 'headless: true' or use 'xvfb-run &lt;your-playwright-app&gt;' before running Playwright. ║
║                                                                                                ║
║ &lt;3 Playwright Team                                                                             ║
╚════════════════════════════════════════════════════════════════════════════════════════════════╝
Call log:
  - &lt;launching&gt; /opt/hostedtoolcache/Python/3.11.14/x64/lib/python3.11/site-packages/Browser/wrapper/node_modules/playwright-core/.local-browsers/chromium-1200/chrome-linux64/chrome --disable-field-trial-config --disable-background-networking --disable-background-timer-throttling --disable-backgrounding-occl...
    [ Message content over the limit has been removed. ]
...ut --disable-hang-monitor --disable-ipc-flooding-protection --disable-popup-blocking --disable-prompt-on-repost --disable-renderer-backgrounding --force-color-profile=srgb --metrics-recording-only --no-first-run --password-store=basic --use-mock-keychain --no-service-autorun --export-tagged-pdf --disable-search-engine-choice-screen --unsafely-disable-devtools-self-xss-warnings --edge-skip-compat-layer-relaunch --enable-automation --disable-infobars --disable-search-engine-choice-screen --disable-sync --no-sandbox --user-data-dir=/tmp/playwright_chromiumdev_profile-rfS0Z2 --remote-debugging-pipe --no-startup-window
  - &lt;launched&gt; pid=4109
  - [pid=4109][err] [4109:4109:0108/145157.844423:ERROR:ui/ozone/platform/x11/ozone_platform_x11.cc:259] Missing X server or $DISPLAY
  - [pid=4109][err] [4109:4109:0108/145157.844462:ERROR:ui/aura/env.cc:257] The platform failed to initialize.  Exiting.
  - [pid=4109] &lt;gracefully close start&gt;
  - [pid=4109] &lt;kill&gt;
  - [pid=4109] &lt;will force kill&gt;
  - [pid=4109] &lt;process did exit: exitCode=1, signal=null&gt;
  - [pid=4109] starting temporary directories cleanup
  - [pid=4109] finished temporary directories cleanup
  - [pid=4109] &lt;gracefully close end&gt;</status>
</kw>
<kw name="New Context" owner="Browser">
<arg>viewport={'width': 1280, 'height': 720}</arg>
<tag>BrowserControl</tag>
<tag>Setter</tag>
<doc>Create a new BrowserContext with specified options.</doc>
<status status="NOT RUN" start="2026-01-08T14:51:57.862480" elapsed="0.000130"/>
</kw>
<kw name="New Page" owner="Browser">
<arg>${START_URL}</arg>
<tag>BrowserControl</tag>
<tag>Setter</tag>
<doc>Open a new Page.</doc>
<status status="NOT RUN" start="2026-01-08T14:51:57.862762" elapsed="0.000078"/>
</kw>
<arg>${SAUCE_URL}</arg>
<status status="FAIL" start="2026-01-08T14:51:57.764687" elapsed="0.098359">Error: browserType.launch: Target page, context or browser has been closed
Browser logs:

╔════════════════════════════════════════════════════════════════════════════════════════════════╗
║ Looks like you launched a headed browser without having a XServer running.                     ║
║ Set either 'headless: true' or use 'xvfb-run &lt;your-playwright-app&gt;' before running Playwright. ║
║                                                                                                ║
║ &lt;3 Playwright Team                                                                             ║
╚════════════════════════════════════════════════════════════════════════════════════════════════╝
Call log:
  - &lt;launching&gt; /opt/hostedtoolcache/Python/3.11.14/x64/lib/python3.11/site-packages/Browser/wrapper/node_modules/playwright-core/.local-browsers/chromium-1200/chrome-linux64/chrome --disable-field-trial-config --disable-background-networking --disable-background-timer-throttling --disable-backgrounding-occl...
    [ Message content over the limit has been removed. ]
...ut --disable-hang-monitor --disable-ipc-flooding-protection --disable-popup-blocking --disable-prompt-on-repost --disable-renderer-backgrounding --force-color-profile=srgb --metrics-recording-only --no-first-run --password-store=basic --use-mock-keychain --no-service-autorun --export-tagged-pdf --disable-search-engine-choice-screen --unsafely-disable-devtools-self-xss-warnings --edge-skip-compat-layer-relaunch --enable-automation --disable-infobars --disable-search-engine-choice-screen --disable-sync --no-sandbox --user-data-dir=/tmp/playwright_chromiumdev_profile-rfS0Z2 --remote-debugging-pipe --no-startup-window
  - &lt;launched&gt; pid=4109
  - [pid=4109][err] [4109:4109:0108/145157.844423:ERROR:ui/ozone/platform/x11/ozone_platform_x11.cc:259] Missing X server or $DISPLAY
  - [pid=4109][err] [4109:4109:0108/145157.844462:ERROR:ui/aura/env.cc:257] The platform failed to initialize.  Exiting.
  - [pid=4109] &lt;gracefully close start&gt;
  - [pid=4109] &lt;kill&gt;
  - [pid=4109] &lt;will force kill&gt;
  - [pid=4109] &lt;process did exit: exitCode=1, signal=null&gt;
  - [pid=4109] starting temporary directories cleanup
  - [pid=4109] finished temporary directories cleanup
  - [pid=4109] &lt;gracefully close end&gt;</status>
</kw>
<kw name="Stop Test-Sessie" owner="common" type="TEARDOWN">
<kw name="Close Browser" owner="Browser">
<msg time="2026-01-08T14:51:57.866217" level="INFO">No browser open, doing nothing</msg>
<tag>BrowserControl</tag>
<tag>Setter</tag>
<doc>Closes the current browser.</doc>
<status status="PASS" start="2026-01-08T14:51:57.863872" elapsed="0.002472"/>
</kw>
<status status="PASS" start="2026-01-08T14:51:57.863451" elapsed="0.003001"/>
</kw>
<doc>Doorloopt het hele proces van inloggen tot orderbevestiging.</doc>
<tag>critical</tag>
<tag>e2e</tag>
<tag>sauce</tag>
<status status="FAIL" start="2026-01-08T14:51:57.762081" elapsed="0.104443">Setup failed:
Error: browserType.launch: Target page, context or browser has been closed
Browser logs:

╔════════════════════════════════════════════════════════════════════════════════════════════════╗
║ Looks like you launched a headed browser without having a XServer running.                     ║
║ Set either 'headless: true' or use 'xvfb-run &lt;your-playwright-app&gt;' before running Playwright. ║
║                                                                                                ║
║ &lt;3 Playwright Team                                                                             ║
╚════════════════════════════════════════════════════════════════════════════════════════════════╝
Call log:
  - &lt;launching&gt; /opt/hostedtoolcache/Python/3.11.14/x64/lib/python3.11/site-packages/Browser/wrapper/node_modules/playwright-core/.local-browsers/chromium-1200/chrome-linux64/chrome --disable-field-trial-config --disable-background-networking --disable-background-timer-throttling --disable-backgrounding-occl...
    [ Message content over the limit has been removed. ]
...ut --disable-hang-monitor --disable-ipc-flooding-protection --disable-popup-blocking --disable-prompt-on-repost --disable-renderer-backgrounding --force-color-profile=srgb --metrics-recording-only --no-first-run --password-store=basic --use-mock-keychain --no-service-autorun --export-tagged-pdf --disable-search-engine-choice-screen --unsafely-disable-devtools-self-xss-warnings --edge-skip-compat-layer-relaunch --enable-automation --disable-infobars --disable-search-engine-choice-screen --disable-sync --no-sandbox --user-data-dir=/tmp/playwright_chromiumdev_profile-rfS0Z2 --remote-debugging-pipe --no-startup-window
  - &lt;launched&gt; pid=4109
  - [pid=4109][err] [4109:4109:0108/145157.844423:ERROR:ui/ozone/platform/x11/ozone_platform_x11.cc:259] Missing X server or $DISPLAY
  - [pid=4109][err] [4109:4109:0108/145157.844462:ERROR:ui/aura/env.cc:257] The platform failed to initialize.  Exiting.
  - [pid=4109] &lt;gracefully close start&gt;
  - [pid=4109] &lt;kill&gt;
  - [pid=4109] &lt;will force kill&gt;
  - [pid=4109] &lt;process did exit: exitCode=1, signal=null&gt;
  - [pid=4109] starting temporary directories cleanup
  - [pid=4109] finished temporary directories cleanup
  - [pid=4109] &lt;gracefully close end&gt;</status>
</test>
<status status="FAIL" start="2026-01-08T14:51:56.813230" elapsed="1.057459"/>
</suite>
<suite id="s1-s2-s2" name="02 Api Check" source="/home/runner/work/AP_RF/AP_RF/tests/02_SauceDemo/02_api_check.robot">
<test id="s1-s2-s2-t1" name="Scenario 24: API Health Check SauceDemo" line="6">
<kw name="Create Session" owner="RequestsLibrary">
<msg time="2026-01-08T14:51:57.698617" level="INFO">Creating Session using : alias=sauce_api, url=https://www.saucedemo.com, headers={},                     cookies={}, auth=None, timeout=None, proxies=None, verify=False,                     debug=0 </msg>
<arg>sauce_api</arg>
<arg>https://www.saucedemo.com</arg>
<doc>Create Session: create a HTTP session to a server</doc>
<status status="PASS" start="2026-01-08T14:51:57.698385" elapsed="0.000410"/>
</kw>
<kw name="GET On Session" owner="RequestsLibrary">
<msg time="2026-01-08T14:51:58.060177" level="INFO">GET Request : url=https://www.saucedemo.com/ 
 path_url=/ 
 headers={'User-Agent': 'python-requests/2.32.5', 'Accept-Encoding': 'gzip, deflate', 'Accept': '*/*', 'Connection': 'keep-alive'} 
 body=None 
 </msg>
<msg time="2026-01-08T14:51:58.060319" level="INFO">GET Response : url=https://www.saucedemo.com/ 
 status=200, reason=OK 
 headers={'Connection': 'keep-alive', 'Content-Length': '601', 'Server': 'GitHub.com', 'Content-Type': 'text/html; charset=utf-8', 'Last-Modified': 'Mon, 03 Nov 2025 18:08:56 GMT', 'Access-Control-Allow-Origin': '*', 'ETag': 'W/"6908efb8-41f"', 'expires': 'Tue, 23 Dec 2025 12:19:14 GMT', 'Cache-Control': 'max-age=600', 'Content-Encoding': 'gzip', 'x-proxy-cache': 'MISS', 'X-GitHub-Request-Id': '146B:1BF34A:15E282B:17F3976:694A8669', 'Accept-Ranges': 'bytes', 'Age': '401', 'Date': 'Thu, 08 Jan 2026 14:51:58 GMT', 'Via': '1.1 varnish', 'X-Served-By': 'cache-chi-kigq8000122-CHI', 'X-Cache': 'HIT', 'X-Cache-Hits': '0', 'X-Timer': 'S1767883918.055593,VS0,VE3', 'Vary': 'Accept-Encoding', 'X-Fastly-Request-ID': '0af4e1ed2221b9cde381e848ccbdb8dac82a2358'} 
 body=&lt;!doctype html&gt;&lt;html lang="en"&gt;&lt;head&gt;&lt;meta charset="utf-8"/&gt;&lt;link rel="icon" href="/favicon.ico"/&gt;&lt;meta name="robots" content="noindex"&gt;&lt;meta name="viewport" content="width=device-width,initial-scale=1"/&gt;&lt;meta name="theme-color" content="#ffffff"/&gt;&lt;meta name="description" content="Sauce Labs Swag Labs app"/&gt;&lt;link rel="apple-touch-icon" href="/icon/icon-192x192.png"/&gt;&lt;link rel="manifest" href="/manifest.json"/&gt;&lt;script type="text/javascript"&gt;!function(n){if("/"===n.search[1]){var a=n.search.slice(1).split("&amp;").map(function(n){return n.replace(/~and~/g,"&amp;")}).join("?");window.history.replaceState(null,null,n.pathname.slice(0,-1)+a+n.hash)}}(window.location)&lt;/script&gt;&lt;link rel="stylesheet" href="https://fonts.googleapis.com/css2?family=DM+Mono:wght@400;500&amp;family=DM+Sans:wght@400;500"&gt;&lt;title&gt;Swag Labs&lt;/title&gt;&lt;script defer="defer" src="/static/js/main.bcf4bc5f.js"&gt;&lt;/script&gt;&lt;link href="/static/css/main.8a7d64a1.css" rel="stylesheet"&gt;&lt;/head&gt;&lt;body&gt;&lt;noscript&gt;You need to enable JavaScript to run this app.&lt;/noscript&gt;&lt;div id="root"&gt;&lt;/div&gt;&lt;/body&gt;&lt;/html&gt; 
 </msg>
<msg time="2026-01-08T14:51:58.060403" level="INFO">/opt/hostedtoolcache/Python/3.11.14/x64/lib/python3.11/site-packages/urllib3/connectionpool.py:1097: InsecureRequestWarning: Unverified HTTPS request is being made to host 'www.saucedemo.com'. Adding certificate verification is strongly advised. See: https://urllib3.readthedocs.io/en/latest/advanced-usage.html#tls-warnings
  warnings.warn(</msg>
<msg time="2026-01-08T14:51:58.060579" level="INFO">${response} = &lt;Response [200]&gt;</msg>
<var>${response}</var>
<arg>sauce_api</arg>
<arg>/</arg>
<doc>Sends a GET request on a previously created HTTP Session.</doc>
<status status="PASS" start="2026-01-08T14:51:57.698938" elapsed="0.361677"/>
</kw>
<kw name="Should Be Equal As Strings" owner="BuiltIn">
<msg time="2026-01-08T14:51:58.061494" level="INFO">Argument types are:
&lt;class 'int'&gt;
&lt;class 'str'&gt;</msg>
<arg>${response.status_code}</arg>
<arg>200</arg>
<doc>Fails if objects are unequal after converting them to strings.</doc>
<status status="PASS" start="2026-01-08T14:51:58.060816" elapsed="0.000764"/>
</kw>
<doc>Controleert of de server van de webshop online is via de API.</doc>
<tag>api</tag>
<tag>smoke</tag>
<status status="PASS" start="2026-01-08T14:51:57.697523" elapsed="0.364190"/>
</test>
<status status="PASS" start="2026-01-08T14:51:57.645651" elapsed="0.416426"/>
</suite>
<status status="FAIL" start="2026-01-08T14:51:56.812000" elapsed="1.474000"/>
</suite>
<doc>[https://pabot.org/?ref=log|Pabot] result from 22 executions.</doc>
<status status="FAIL" start="2026-01-08T14:51:46.787000" elapsed="11.275000"/>
</suite>
<statistics>
<total>
<stat pass="5" fail="29" skip="0">All Tests</stat>
</total>
<tag>
<stat pass="2" fail="1" skip="0">api</stat>
<stat pass="0" fail="1" skip="0">critical</stat>
<stat pass="0" fail="1" skip="0">e2e</stat>
<stat pass="0" fail="1" skip="0">geavanceerd</stat>
<stat pass="0" fail="1" skip="0">iframe</stat>
<stat pass="0" fail="1" skip="0">profile</stat>
<stat pass="0" fail="1" skip="0">regressie</stat>
<stat pass="0" fail="1" skip="0">regression</stat>
<stat pass="0" fail="3" skip="0">sauce</stat>
<stat pass="0" fail="1" skip="0">shadowdom</stat>
<stat pass="1" fail="1" skip="0">smoke</stat>
<stat pass="0" fail="1" skip="0">upload</stat>
<stat pass="0" fail="1" skip="0">visual</stat>
</tag>
<suite>
<stat name="Tests" id="s1" pass="5" fail="29" skip="0">Tests</stat>
<stat name="01 HerekuApp" id="s1-s1" pass="4" fail="26" skip="0">Tests.01 HerekuApp</stat>
<stat name="01 Basis" id="s1-s1-s1" pass="3" fail="19" skip="0">Tests.01 HerekuApp.01 Basis</stat>
<stat name="01 Auth" id="s1-s1-s1-s1" pass="0" fail="4" skip="0">Tests.01 HerekuApp.01 Basis.01 Auth</stat>
<stat name="02 Data" id="s1-s1-s1-s2" pass="1" fail="1" skip="0">Tests.01 HerekuApp.01 Basis.02 Data</stat>
<stat name="03 Api" id="s1-s1-s1-s3" pass="2" fail="0" skip="0">Tests.01 HerekuApp.01 Basis.03 Api</stat>
<stat name="04 Hybrid" id="s1-s1-s1-s4" pass="0" fail="1" skip="0">Tests.01 HerekuApp.01 Basis.04 Hybrid</stat>
<stat name="05 Dropdowns" id="s1-s1-s1-s5" pass="0" fail="1" skip="0">Tests.01 HerekuApp.01 Basis.05 Dropdowns</stat>
<stat name="06 Dynamic Loading.Robot" id="s1-s1-s1-s6" pass="0" fail="1" skip="0">Tests.01 HerekuApp.01 Basis.06 Dynamic Loading.Robot</stat>
<stat name="07 Data Driven" id="s1-s1-s1-s7" pass="0" fail="3" skip="0">Tests.01 HerekuApp.01 Basis.07 Data Driven</stat>
<stat name="08 Failure Test" id="s1-s1-s1-s8" pass="0" fail="1" skip="0">Tests.01 HerekuApp.01 Basis.08 Failure Test</stat>
<stat name="09 Alerts" id="s1-s1-s1-s9" pass="0" fail="1" skip="0">Tests.01 HerekuApp.01 Basis.09 Alerts</stat>
<stat name="10 Multi Window" id="s1-s1-s1-s10" pass="0" fail="1" skip="0">Tests.01 HerekuApp.01 Basis.10 Multi Window</stat>
<stat name="11 Login Datadriven" id="s1-s1-s1-s11" pass="0" fail="4" skip="0">Tests.01 HerekuApp.01 Basis.11 Login Datadriven</stat>
<stat name="12 Api Test" id="s1-s1-s1-s12" pass="0" fail="1" skip="0">Tests.01 HerekuApp.01 Basis.12 Api Test</stat>
<stat name="02 Geavanceerd" id="s1-s1-s2" pass="1" fail="7" skip="0">Tests.01 HerekuApp.02 Geavanceerd</stat>
<stat name="13 Shopping Cart" id="s1-s1-s2-s1" pass="0" fail="1" skip="0">Tests.01 HerekuApp.02 Geavanceerd.13 Shopping Cart</stat>
<stat name="14 Product Search" id="s1-s1-s2-s2" pass="0" fail="1" skip="0">Tests.01 HerekuApp.02 Geavanceerd.14 Product Search</stat>
<stat name="15 User Profile" id="s1-s1-s2-s3" pass="0" fail="1" skip="0">Tests.01 HerekuApp.02 Geavanceerd.15 User Profile</stat>
<stat name="16 Api Complex" id="s1-s1-s2-s4" pass="1" fail="0" skip="0">Tests.01 HerekuApp.02 Geavanceerd.16 Api Complex</stat>
<stat name="17 Visual Regression" id="s1-s1-s2-s5" pass="0" fail="1" skip="0">Tests.01 HerekuApp.02 Geavanceerd.17 Visual Regression</stat>
<stat name="18 File Upload" id="s1-s1-s2-s6" pass="0" fail="1" skip="0">Tests.01 HerekuApp.02 Geavanceerd.18 File Upload</stat>
<stat name="19 Shadow Dom" id="s1-s1-s2-s7" pass="0" fail="1" skip="0">Tests.01 HerekuApp.02 Geavanceerd.19 Shadow Dom</stat>
<stat name="20 Iframes" id="s1-s1-s2-s8" pass="0" fail="1" skip="0">Tests.01 HerekuApp.02 Geavanceerd.20 Iframes</stat>
<stat name="02 SauceDemo" id="s1-s2" pass="1" fail="3" skip="0">Tests.02 SauceDemo</stat>
<stat name="01 Shop Tests" id="s1-s2-s1" pass="0" fail="3" skip="0">Tests.02 SauceDemo.01 Shop Tests</stat>
<stat name="02 Api Check" id="s1-s2-s2" pass="1" fail="0" skip="0">Tests.02 SauceDemo.02 Api Check</stat>
</suite>
</statistics>
<errors>
<msg time="2026-01-08T14:51:49.543716" level="WARN">Open Browser is for quick experimentation and debugging only. Use New Page for production.</msg>
<msg time="2026-01-08T14:51:50.278665" level="WARN">Open Browser is for quick experimentation and debugging only. Use New Page for production.</msg>
<msg time="2026-01-08T14:51:51.069152" level="WARN">Open Browser is for quick experimentation and debugging only. Use New Page for production.</msg>
<msg time="2026-01-08T14:51:51.192585" level="WARN">Open Browser is for quick experimentation and debugging only. Use New Page for production.</msg>
</errors>
</robot>
