<?xml version="1.0" encoding="UTF-8"?>
<robot generator="Robot 7.4.1 (Python 3.11.14 on linux)" generated="2026-01-15T09:10:38.009046" rpa="false" schemaversion="5">
<suite id="s1" name="Tests" source="/home/runner/work/AP_RF/AP_RF/tests">
<suite id="s1-s1" name="01 HerekuApp" source="/home/runner/work/AP_RF/AP_RF/tests/01_HerekuApp">
<suite id="s1-s1-s1" name="01 Basis" source="/home/runner/work/AP_RF/AP_RF/tests/01_HerekuApp/01_basis">
<suite id="s1-s1-s1-s1" name="12 Api Test" source="/home/runner/work/AP_RF/AP_RF/tests/01_HerekuApp/01_basis/12_api_test.robot">
<test id="s1-s1-s1-s1-t1" name="Scenario 12: Check Of De Website Online Is Via API" line="8">
<kw name="Start Test-Sessie" owner="common" type="SETUP">
<kw name="Set Library Search Order" owner="BuiltIn">
<arg>Browser</arg>
<arg>Mobile</arg>
<doc>Sets the resolution order to use when a name matches multiple keywords.</doc>
<status status="PASS" start="2026-01-15T09:10:38.394885" elapsed="0.000494"/>
</kw>
<kw name="New Browser" owner="Browser">
<msg time="2026-01-15T09:10:38.396523" level="INFO">{"browser": "chromium", "headless": true, "chromiumSandbox": false, "devtools": false, "handleSIGHUP": true, "handleSIGINT": true, "handleSIGTERM": true, "slowMo": 0.0, "timeout": 30000.0, "tracesDir": "/home/runner/work/AP_RF/AP_RF/results/pabot_results/11/browser/traces/temp/96421f9b-c2c6-4721-aca9-bd861f22a068"}</msg>
<msg time="2026-01-15T09:10:38.400303" level="INFO">Starting Browser process /opt/hostedtoolcache/Python/3.11.14/x64/lib/python3.11/site-packages/Browser/wrapper/index.js using at 127.0.0.1:44461</msg>
<msg time="2026-01-15T09:10:39.008649" level="INFO">Successfully created browser with options: {"browser":"chromium","headless":true,"chromiumSandbox":false,"devtools":false,"handleSIGHUP":true,"handleSIGINT":true,"handleSIGTERM":true,"slowMo":0,"timeout":30000,"tracesDir":"/home/runner/work/AP_RF/AP_RF/results/pabot_results/11/browser/traces/temp/96421f9b-c2c6-4721-aca9-bd861f22a068"}</msg>
<arg>browser=${BROWSER}</arg>
<arg>headless=${HEADLESS}</arg>
<tag>BrowserControl</tag>
<tag>Setter</tag>
<doc>Create a new playwright Browser with specified options.</doc>
<status status="PASS" start="2026-01-15T09:10:38.395593" elapsed="0.613361"/>
</kw>
<kw name="New Context" owner="Browser">
<msg time="2026-01-15T09:10:39.014212" level="INFO">{
  "acceptDownloads": true,
  "bypassCSP": false,
  "forcedColors": "none",
  "ignoreHTTPSErrors": false,
  "javaScriptEnabled": true,
  "offline": false,
  "reducedMotion": "no-preference",
  "serviceWorkers": "allow",
  "viewport": {
    "width": 1280,
    "height": 720
  }
}</msg>
<msg time="2026-01-15T09:10:39.026410" level="INFO">Successfully created context. </msg>
<msg time="2026-01-15T09:10:39.026468" level="INFO">{'acceptDownloads': True, 'bypassCSP': False, 'forcedColors': 'none', 'ignoreHTTPSErrors': False, 'javaScriptEnabled': True, 'offline': False, 'reducedMotion': 'no-preference', 'serviceWorkers': 'allow', 'viewport': {'width': 1280, 'height': 720}}</msg>
<arg>viewport={'width': 1280, 'height': 720}</arg>
<tag>BrowserControl</tag>
<tag>Setter</tag>
<doc>Create a new BrowserContext with specified options.</doc>
<status status="PASS" start="2026-01-15T09:10:39.009312" elapsed="0.017233"/>
</kw>
<kw name="New Page" owner="Browser">
<msg time="2026-01-15T09:10:39.962343" level="INFO">Successfully initialized new page object and opened url: https://the-internet.herokuapp.com</msg>
<arg>${START_URL}</arg>
<tag>BrowserControl</tag>
<tag>Setter</tag>
<doc>Open a new Page.</doc>
<status status="PASS" start="2026-01-15T09:10:39.026771" elapsed="0.935894"/>
</kw>
<status status="PASS" start="2026-01-15T09:10:38.393312" elapsed="1.569548"/>
</kw>
<kw name="Http" owner="Browser">
<msg time="2026-01-15T09:10:40.050115" level="INFO">{'status': 200, 'body': '&lt;!DOCTYPE html&gt;\n&lt;!--[if IE 8]&gt;         &lt;html class="no-js lt-ie9" lang="en" &gt; &lt;![endif]--&gt;\n&lt;!--[if gt IE 8]&gt;&lt;!--&gt; &lt;html class="no-js" lang="en" &gt; &lt;!--&lt;![endif]--&gt;\n\n&lt;html&gt;\n  &lt;head&gt;\n    &lt;script src="/js/vendor/298279967.js"&gt;&lt;/script&gt;\n    &lt;meta charset="utf-8" /&gt;\n    &lt;meta name="viewport" content="width=device-width" /&gt;\n    &lt;title&gt;The Internet&lt;/title&gt;\n    &lt;link href="/css/app.css" rel="stylesheet"&gt;\n    &lt;link href="/css/font-awesome.css" rel="stylesheet"&gt;\n    &lt;script src="/js/vendor/jquery-1.11.3.min.js"&gt;&lt;/script&gt;\n    &lt;script src="/js/vendor/jquery-ui-1.11.4/jquery-ui.js"&gt;&lt;/script&gt;\n    &lt;script src="/js/foundation/foundation.js"&gt;&lt;/script&gt;\n    &lt;script src="/js/foundation/foundation.alerts.js"&gt;&lt;/script&gt;\n    &lt;script&gt;\n      $(document).foundation();\n    &lt;/script&gt;\n  &lt;/head&gt;\n  &lt;body&gt;\n    &lt;div class="row"&gt;\n      &lt;div id="flash-messages" class="large-12 columns"&gt;\n      \n        \n      \n        \n      \n        \n      \n      &lt;/div&gt;\n    &lt;/div&gt;\n    &lt;div class="row"&gt;\n      &lt;a href="https://github.com/tourdedave/the-internet"&gt;&lt;img style="position: absolute; top: 0; right: 0; border: 0;" src="/img/forkme_right_green_007200.png" alt="Fork me on GitHub"&gt;&lt;/a&gt;\n      &lt;div id="content" class="large-12 columns"&gt;\n        &lt;div class="example"&gt;\n  &lt;h2&gt;Login Page&lt;/h2&gt;\n  &lt;h4 class="subheader"&gt;This is where you can log into the secure area. Enter &lt;em&gt;tomsmith&lt;/em&gt; for the username and &lt;em&gt;SuperSecretPassword!&lt;/em&gt; for the password. If the information is wrong you should see error messages.&lt;/h4&gt;\n  &lt;form name="login" id="login" action="/authenticate" method="post" &gt;\n     &lt;div class="row"&gt;\n      &lt;div class="large-6 small-12 columns"&gt;\n        &lt;label for="username"&gt;Username&lt;/label&gt;\n        &lt;input type="text" name="username" id="username" /&gt;\n      &lt;/div&gt;\n    &lt;/div&gt;\n    &lt;div class="row"&gt;\n      &lt;div class="large-6 small-12 columns"&gt;\n        &lt;label for="password"&gt;Password&lt;/label&gt;\n        &lt;input type="password" name="password" id="password" /&gt;\n      &lt;/div&gt;\n    &lt;/div&gt;\n      &lt;button class="radius" type="submit"&gt;&lt;i class="fa fa-2x fa-sign-in"&gt; Login&lt;/i&gt;&lt;/button&gt;\n  &lt;/form&gt;\n&lt;/div&gt;\n\n      &lt;/div&gt;\n    &lt;/div&gt;\n    &lt;div id=\'page-footer\' class="row"&gt;\n      &lt;div class="large-4 large-centered columns"&gt;\n        &lt;hr&gt;\n        &lt;div style="text-align: center;"&gt;Powered by &lt;a target="_blank" href="http://elementalselenium.com/"&gt;Elemental Selenium&lt;/a&gt;&lt;/div&gt;\n      &lt;/div&gt;\n    &lt;/div&gt;\n  &lt;/body&gt;\n&lt;/html&gt;\n', 'headers': {'content-length': '2376', 'content-type': 'text/html;charset=utf-8', 'date': 'Thu, 15 Jan 2026 09:10:40 GMT', 'nel': '{"report_to":"heroku-nel","response_headers":["Via"],"max_age":3600,"success_fraction":0.01,"failure_fraction":0.1}', 'report-to': '{"group":"heroku-nel","endpoints":[{"url":"https://nel.heroku.com/reports?s=9XtzVU7fTkTyOfBtb22jqFMzDtMp1m%2B%2FfEwZRcYT%2FyY%3D\\u0026sid=c46efe9b-d3d2-4a0c-8c76-bfafa16c5add\\u0026ts=1768468240"}],"max_age":3600}', 'reporting-endpoints': 'heroku-nel="https://nel.heroku.com/reports?s=9XtzVU7fTkTyOfBtb22jqFMzDtMp1m%2B%2FfEwZRcYT%2FyY%3D&amp;sid=c46efe9b-d3d2-4a0c-8c76-bfafa16c5add&amp;ts=1768468240"', 'server': 'Heroku', 'via': '1.1 heroku-router', 'x-content-type-options': 'nosniff', 'x-frame-options': 'SAMEORIGIN', 'x-xss-protection': '1; mode=block'}, 'type': 'basic', 'statusText': 'OK', 'url': 'https://the-internet.herokuapp.com/login', 'ok': True, 'redirected': False}</msg>
<msg time="2026-01-15T09:10:40.051575" level="INFO">${response} = {'status': 200, 'body': '&lt;!DOCTYPE html&gt;\n&lt;!--[if IE 8]&gt;         &lt;html class="no-js lt-ie9" lang="en" &gt; &lt;![endif]--&gt;\n&lt;!--[if gt IE 8]&gt;&lt;!--&gt; &lt;html class="no-js" lang="en" &gt; &lt;!--&lt;![endif]--&gt;\n\n&lt;html&gt;\...</msg>
<var>${response}</var>
<arg>${BASE_URL}/login</arg>
<tag>HTTP</tag>
<doc>Performs an HTTP request in the current browser context</doc>
<status status="PASS" start="2026-01-15T09:10:39.963125" elapsed="0.088494"/>
</kw>
<kw name="Should Be Equal" owner="BuiltIn">
<arg>${response}[status]</arg>
<arg>${200}</arg>
<doc>Fails if the given objects are unequal.</doc>
<status status="PASS" start="2026-01-15T09:10:40.051919" elapsed="0.000715"/>
</kw>
<kw name="Should Contain" owner="BuiltIn">
<arg>${response}[body]</arg>
<arg>login</arg>
<doc>Fails if ``container`` does not contain ``item`` one or more times.</doc>
<status status="PASS" start="2026-01-15T09:10:40.052797" elapsed="0.000464"/>
</kw>
<kw name="Log" owner="BuiltIn">
<msg time="2026-01-15T09:10:40.053642" level="INFO">Protocol-check succesvol: Server status 200 en 'login' keyword gevonden in body.</msg>
<arg>Protocol-check succesvol: Server status 200 en 'login' keyword gevonden in body.</arg>
<doc>Logs the given message with the given level.</doc>
<status status="PASS" start="2026-01-15T09:10:40.053405" elapsed="0.000286"/>
</kw>
<kw name="Stop Test-Sessie" owner="common" type="TEARDOWN">
<kw name="Close Browser" owner="Browser">
<msg time="2026-01-15T09:10:40.084841" level="INFO">Closed browser</msg>
<tag>BrowserControl</tag>
<tag>Setter</tag>
<doc>Closes the current browser.</doc>
<status status="PASS" start="2026-01-15T09:10:40.054248" elapsed="0.030781"/>
</kw>
<status status="PASS" start="2026-01-15T09:10:40.053951" elapsed="0.031211"/>
</kw>
<doc>Voert een snelle protocol-validatie uit binnen de actieve
browser-context om de serverstatus en body-content te verifiëren.</doc>
<status status="PASS" start="2026-01-15T09:10:38.392083" elapsed="1.693154"/>
</test>
<status status="PASS" start="2026-01-15T09:10:38.043591" elapsed="2.047826"/>
</suite>
<status status="PASS" start="2026-01-15T09:10:38.042771" elapsed="2.052768"/>
</suite>
<status status="PASS" start="2026-01-15T09:10:38.041633" elapsed="2.054376"/>
</suite>
<status status="PASS" start="2026-01-15T09:10:38.019631" elapsed="2.076778"/>
</suite>
<statistics>
<total>
<stat pass="1" fail="0" skip="0">All Tests</stat>
</total>
<tag>
</tag>
<suite>
<stat name="Tests" id="s1" pass="1" fail="0" skip="0">Tests</stat>
<stat name="01 HerekuApp" id="s1-s1" pass="1" fail="0" skip="0">Tests.01 HerekuApp</stat>
<stat name="01 Basis" id="s1-s1-s1" pass="1" fail="0" skip="0">Tests.01 HerekuApp.01 Basis</stat>
<stat name="12 Api Test" id="s1-s1-s1-s1" pass="1" fail="0" skip="0">Tests.01 HerekuApp.01 Basis.12 Api Test</stat>
</suite>
</statistics>
<errors>
</errors>
</robot>
