<?xml version="1.0" encoding="UTF-8"?>
<robot generator="Robot 7.4.1 (Python 3.11.14 on linux)" generated="2026-01-23T12:42:46.844662" rpa="false" schemaversion="5">
<suite id="s1" name="Tests" source="/home/runner/work/AP_RF/AP_RF/tests">
<suite id="s1-s1" name="01 HerekuApp" source="/home/runner/work/AP_RF/AP_RF/tests/01_HerekuApp">
<suite id="s1-s1-s1" name="02 Geavanceerd" source="/home/runner/work/AP_RF/AP_RF/tests/01_HerekuApp/02_geavanceerd">
<suite id="s1-s1-s1-s1" name="15 User Profile" source="/home/runner/work/AP_RF/AP_RF/tests/01_HerekuApp/02_geavanceerd/15_user_profile.robot">
<kw name="New Browser" owner="Browser" type="SETUP">
<msg time="2026-01-23T12:42:47.181227" level="INFO">{"browser": "chromium", "headless": true, "chromiumSandbox": false, "devtools": false, "handleSIGHUP": true, "handleSIGINT": true, "handleSIGTERM": true, "slowMo": 0.0, "timeout": 30000.0, "tracesDir": "/home/runner/work/AP_RF/AP_RF/results/pabot_results/14/browser/traces/temp/1eb47095-8901-4acb-bf6e-521d6853669d"}</msg>
<msg time="2026-01-23T12:42:47.185564" level="INFO">Starting Browser process /opt/hostedtoolcache/Python/3.11.14/x64/lib/python3.11/site-packages/Browser/wrapper/index.js using at 127.0.0.1:47621</msg>
<msg time="2026-01-23T12:42:47.925371" level="INFO">Successfully created browser with options: {"browser":"chromium","headless":true,"chromiumSandbox":false,"devtools":false,"handleSIGHUP":true,"handleSIGINT":true,"handleSIGTERM":true,"slowMo":0,"timeout":30000,"tracesDir":"/home/runner/work/AP_RF/AP_RF/results/pabot_results/14/browser/traces/temp/1eb47095-8901-4acb-bf6e-521d6853669d"}</msg>
<arg>browser=${BROWSER}</arg>
<arg>headless=${HEADLESS}</arg>
<tag>BrowserControl</tag>
<tag>Setter</tag>
<doc>Create a new playwright Browser with specified options.</doc>
<status status="PASS" start="2026-01-23T12:42:47.180059" elapsed="0.745656"/>
</kw>
<test id="s1-s1-s1-s1-t1" name="Scenario 15: Profiel Validatie Na Login" line="11">
<kw name="New Page" owner="Browser" type="SETUP">
<msg time="2026-01-23T12:42:48.212394" level="INFO">Successfully initialized new page object and opened url: https://the-internet.herokuapp.com/login</msg>
<msg time="2026-01-23T12:42:48.212517" level="INFO">No context was open. New context was automatically opened when this page is created.</msg>
<arg>${BASE_URL}/login</arg>
<tag>BrowserControl</tag>
<tag>Setter</tag>
<doc>Open a new Page.</doc>
<status status="PASS" start="2026-01-23T12:42:47.931528" elapsed="0.281299"/>
</kw>
<kw name="Go To" owner="Browser">
<msg time="2026-01-23T12:42:48.282904" level="INFO">Successfully opened URL https://the-internet.herokuapp.com/login</msg>
<arg>${BASE_URL}/login</arg>
<tag>BrowserControl</tag>
<tag>Setter</tag>
<doc>Navigates to the given ``url``.</doc>
<status status="PASS" start="2026-01-23T12:42:48.213215" elapsed="0.070011"/>
</kw>
<kw name="Fill Text" owner="Browser">
<msg time="2026-01-23T12:42:48.284500" level="INFO">Fills the text 'tomsmith' in the given field.</msg>
<arg>css=#username</arg>
<arg>tomsmith</arg>
<tag>PageContent</tag>
<tag>Setter</tag>
<doc>Clears and fills the given ``txt`` into the text field found by ``selector``.</doc>
<status status="PASS" start="2026-01-23T12:42:48.283657" elapsed="0.041274"/>
</kw>
<kw name="Fill Text" owner="Browser">
<msg time="2026-01-23T12:42:48.325988" level="INFO">Fills the text 'SuperSecretPassword!' in the given field.</msg>
<arg>css=#password</arg>
<arg>SuperSecretPassword!</arg>
<tag>PageContent</tag>
<tag>Setter</tag>
<doc>Clears and fills the given ``txt`` into the text field found by ``selector``.</doc>
<status status="PASS" start="2026-01-23T12:42:48.325235" elapsed="0.010771"/>
</kw>
<kw name="Click" owner="Browser">
<msg time="2026-01-23T12:42:48.336844" level="INFO">Clicks the element 'css=button[type='submit']'.</msg>
<arg>css=button[type='submit']</arg>
<tag>PageContent</tag>
<tag>Setter</tag>
<doc>Simulates mouse click on the element found by ``selector``.</doc>
<status status="PASS" start="2026-01-23T12:42:48.336281" elapsed="0.086538"/>
</kw>
<kw name="Get Text" owner="Browser">
<msg time="2026-01-23T12:42:48.503413" level="INFO">Text: 'Secure Area'</msg>
<arg>css=h2</arg>
<arg>contains</arg>
<arg>Secure Area</arg>
<tag>Assertion</tag>
<tag>Getter</tag>
<tag>PageContent</tag>
<doc>Returns text attribute of the element found by ``selector``.</doc>
<status status="PASS" start="2026-01-23T12:42:48.423123" elapsed="0.080500"/>
</kw>
<kw name="Go To" owner="Browser">
<msg time="2026-01-23T12:42:48.558278" level="INFO">Successfully opened URL https://the-internet.herokuapp.com/secure</msg>
<arg>${BASE_URL}/secure</arg>
<tag>BrowserControl</tag>
<tag>Setter</tag>
<doc>Navigates to the given ``url``.</doc>
<status status="PASS" start="2026-01-23T12:42:48.503988" elapsed="0.054560"/>
</kw>
<kw name="Get Text" owner="Browser">
<msg time="2026-01-23T12:42:48.611697" level="INFO">Text: 'Welcome to the Secure Area. When you are done click logout below.'</msg>
<arg>css=.subheader</arg>
<arg>contains</arg>
<arg>Welcome to the Secure Area</arg>
<tag>Assertion</tag>
<tag>Getter</tag>
<tag>PageContent</tag>
<doc>Returns text attribute of the element found by ``selector``.</doc>
<status status="PASS" start="2026-01-23T12:42:48.558937" elapsed="0.052936"/>
</kw>
<msg time="2026-01-23T12:42:48.624604" level="INFO">Switching context to context=5f61dffc-f1a9-4829-a672-116045ca38c7 in CURRENT</msg>
<msg time="2026-01-23T12:42:48.630337" level="INFO">Successfully changed active context: context=5f61dffc-f1a9-4829-a672-116045ca38c7</msg>
<msg time="2026-01-23T12:42:48.638487" level="INFO">Successfully closed Context</msg>
<tag>profile</tag>
<tag>regression</tag>
<status status="PASS" start="2026-01-23T12:42:47.926081" elapsed="0.686086"/>
</test>
<kw name="Close Browser" owner="Browser" type="TEARDOWN">
<msg time="2026-01-23T12:42:48.668971" level="INFO">Closed browser</msg>
<tag>BrowserControl</tag>
<tag>Setter</tag>
<doc>Closes the current browser.</doc>
<status status="PASS" start="2026-01-23T12:42:48.639503" elapsed="0.029724"/>
</kw>
<status status="PASS" start="2026-01-23T12:42:46.899431" elapsed="1.769931"/>
</suite>
<status status="PASS" start="2026-01-23T12:42:46.898040" elapsed="1.781142"/>
</suite>
<status status="PASS" start="2026-01-23T12:42:46.896642" elapsed="1.783052"/>
</suite>
<status status="PASS" start="2026-01-23T12:42:46.862196" elapsed="1.817929"/>
</suite>
<statistics>
<total>
<stat pass="1" fail="0" skip="0">All Tests</stat>
</total>
<tag>
<stat pass="1" fail="0" skip="0">profile</stat>
<stat pass="1" fail="0" skip="0">regression</stat>
</tag>
<suite>
<stat name="Tests" id="s1" pass="1" fail="0" skip="0">Tests</stat>
<stat name="01 HerekuApp" id="s1-s1" pass="1" fail="0" skip="0">Tests.01 HerekuApp</stat>
<stat name="02 Geavanceerd" id="s1-s1-s1" pass="1" fail="0" skip="0">Tests.01 HerekuApp.02 Geavanceerd</stat>
<stat name="15 User Profile" id="s1-s1-s1-s1" pass="1" fail="0" skip="0">Tests.01 HerekuApp.02 Geavanceerd.15 User Profile</stat>
</suite>
</statistics>
<errors>
</errors>
</robot>
