<?xml version="1.0" encoding="UTF-8"?>
<robot generator="Robot 7.4.1 (Python 3.11.14 on linux)" generated="2026-01-23T12:42:49.077787" rpa="false" schemaversion="5">
<suite id="s1" name="Tests" source="/home/runner/work/AP_RF/AP_RF/tests">
<suite id="s1-s1" name="01 HerekuApp" source="/home/runner/work/AP_RF/AP_RF/tests/01_HerekuApp">
<suite id="s1-s1-s1" name="02 Geavanceerd" source="/home/runner/work/AP_RF/AP_RF/tests/01_HerekuApp/02_geavanceerd">
<suite id="s1-s1-s1-s1" name="18 File Upload" source="/home/runner/work/AP_RF/AP_RF/tests/01_HerekuApp/02_geavanceerd/18_file_upload.robot">
<kw name="New Browser" owner="Browser" type="SETUP">
<msg time="2026-01-23T12:42:49.420777" level="INFO">{"browser": "chromium", "headless": true, "chromiumSandbox": false, "devtools": false, "handleSIGHUP": true, "handleSIGINT": true, "handleSIGTERM": true, "slowMo": 0.0, "timeout": 30000.0, "tracesDir": "/home/runner/work/AP_RF/AP_RF/results/pabot_results/17/browser/traces/temp/2a31de90-2570-488e-9eae-2e9fc0331b71"}</msg>
<msg time="2026-01-23T12:42:49.424730" level="INFO">Starting Browser process /opt/hostedtoolcache/Python/3.11.14/x64/lib/python3.11/site-packages/Browser/wrapper/index.js using at 127.0.0.1:34225</msg>
<msg time="2026-01-23T12:42:50.178906" level="INFO">Successfully created browser with options: {"browser":"chromium","headless":true,"chromiumSandbox":false,"devtools":false,"handleSIGHUP":true,"handleSIGINT":true,"handleSIGTERM":true,"slowMo":0,"timeout":30000,"tracesDir":"/home/runner/work/AP_RF/AP_RF/results/pabot_results/17/browser/traces/temp/2a31de90-2570-488e-9eae-2e9fc0331b71"}</msg>
<arg>browser=${BROWSER}</arg>
<arg>headless=${HEADLESS}</arg>
<tag>BrowserControl</tag>
<tag>Setter</tag>
<doc>Create a new playwright Browser with specified options.</doc>
<status status="PASS" start="2026-01-23T12:42:49.419930" elapsed="0.759290"/>
</kw>
<test id="s1-s1-s1-s1-t1" name="Scenario 18: Succesvol Een Bestand Uploaden" line="12">
<kw name="New Page" owner="Browser" type="SETUP">
<msg time="2026-01-23T12:42:50.406481" level="INFO">Successfully initialized new page object and opened url: https://the-internet.herokuapp.com/upload</msg>
<msg time="2026-01-23T12:42:50.406619" level="INFO">No context was open. New context was automatically opened when this page is created.</msg>
<arg>${BASE_URL}/upload</arg>
<tag>BrowserControl</tag>
<tag>Setter</tag>
<doc>Open a new Page.</doc>
<status status="PASS" start="2026-01-23T12:42:50.186644" elapsed="0.220184"/>
</kw>
<kw name="Upload File By Selector" owner="Browser">
<arg>css=#file-upload</arg>
<arg>/home/runner/work/AP_RF/AP_RF/tests/01_HerekuApp/02_geavanceerd/../../../common.resource</arg>
<tag>PageContent</tag>
<tag>Setter</tag>
<doc>Uploads file from ``path`` to file input element matched by selector.</doc>
<status status="PASS" start="2026-01-23T12:42:50.407173" elapsed="0.052393"/>
</kw>
<kw name="Click" owner="Browser">
<msg time="2026-01-23T12:42:50.460544" level="INFO">Clicks the element 'id=file-submit'.</msg>
<arg>id=file-submit</arg>
<tag>PageContent</tag>
<tag>Setter</tag>
<doc>Simulates mouse click on the element found by ``selector``.</doc>
<status status="PASS" start="2026-01-23T12:42:50.459965" elapsed="0.083955"/>
</kw>
<kw name="Get Text" owner="Browser">
<msg time="2026-01-23T12:42:50.628418" level="INFO">Text: 'File Uploaded!'</msg>
<arg>css=h3</arg>
<arg>==</arg>
<arg>File Uploaded!</arg>
<tag>Assertion</tag>
<tag>Getter</tag>
<tag>PageContent</tag>
<doc>Returns text attribute of the element found by ``selector``.</doc>
<status status="PASS" start="2026-01-23T12:42:50.544314" elapsed="0.084256"/>
</kw>
<kw name="Get Text" owner="Browser">
<msg time="2026-01-23T12:42:50.646139" level="INFO">Text: 'common.resource'</msg>
<arg>id=uploaded-files</arg>
<arg>contains</arg>
<arg>common.resource</arg>
<tag>Assertion</tag>
<tag>Getter</tag>
<tag>PageContent</tag>
<doc>Returns text attribute of the element found by ``selector``.</doc>
<status status="PASS" start="2026-01-23T12:42:50.628880" elapsed="0.017446"/>
</kw>
<msg time="2026-01-23T12:42:50.662145" level="INFO">Switching context to context=989823ed-299f-45c9-bca2-5a311d4a46f9 in CURRENT</msg>
<msg time="2026-01-23T12:42:50.670803" level="INFO">Successfully changed active context: context=989823ed-299f-45c9-bca2-5a311d4a46f9</msg>
<msg time="2026-01-23T12:42:50.683694" level="INFO">Successfully closed Context</msg>
<doc>Test of een lokaal bestand naar de server kan worden gestuurd.</doc>
<tag>upload</tag>
<status status="PASS" start="2026-01-23T12:42:50.179636" elapsed="0.467028"/>
</test>
<kw name="Close Browser" owner="Browser" type="TEARDOWN">
<msg time="2026-01-23T12:42:50.722465" level="INFO">Closed browser</msg>
<tag>BrowserControl</tag>
<tag>Setter</tag>
<doc>Closes the current browser.</doc>
<status status="PASS" start="2026-01-23T12:42:50.684841" elapsed="0.037879"/>
</kw>
<status status="PASS" start="2026-01-23T12:42:49.116924" elapsed="1.605970"/>
</suite>
<status status="PASS" start="2026-01-23T12:42:49.116006" elapsed="1.615127"/>
</suite>
<status status="PASS" start="2026-01-23T12:42:49.114959" elapsed="1.616978"/>
</suite>
<status status="PASS" start="2026-01-23T12:42:49.093121" elapsed="1.639517"/>
</suite>
<statistics>
<total>
<stat pass="1" fail="0" skip="0">All Tests</stat>
</total>
<tag>
<stat pass="1" fail="0" skip="0">upload</stat>
</tag>
<suite>
<stat name="Tests" id="s1" pass="1" fail="0" skip="0">Tests</stat>
<stat name="01 HerekuApp" id="s1-s1" pass="1" fail="0" skip="0">Tests.01 HerekuApp</stat>
<stat name="02 Geavanceerd" id="s1-s1-s1" pass="1" fail="0" skip="0">Tests.01 HerekuApp.02 Geavanceerd</stat>
<stat name="18 File Upload" id="s1-s1-s1-s1" pass="1" fail="0" skip="0">Tests.01 HerekuApp.02 Geavanceerd.18 File Upload</stat>
</suite>
</statistics>
<errors>
</errors>
</robot>
