<?xml version="1.0" encoding="UTF-8"?>
<robot generator="Robot 7.4.1 (Python 3.11.14 on linux)" generated="2026-01-26T09:12:21.315575" rpa="false" schemaversion="5">
<suite id="s1" name="Tests" source="/home/runner/work/AP_RF/AP_RF/tests">
<suite id="s1-s1" name="01 HerekuApp" source="/home/runner/work/AP_RF/AP_RF/tests/01_HerekuApp">
<suite id="s1-s1-s1" name="01 Basis" source="/home/runner/work/AP_RF/AP_RF/tests/01_HerekuApp/01_basis">
<suite id="s1-s1-s1-s1" name="04 Hybrid" source="/home/runner/work/AP_RF/AP_RF/tests/01_HerekuApp/01_basis/04_hybrid.robot">
<test id="s1-s1-s1-s1-t1" name="Snel Inloggen Via API En Verifiëren In Browser" line="8">
<kw name="New Browser" owner="Browser">
<msg time="2026-01-26T09:12:21.515124" level="INFO">{"browser": "chromium", "headless": true, "chromiumSandbox": false, "devtools": false, "handleSIGHUP": true, "handleSIGINT": true, "handleSIGTERM": true, "slowMo": 0.0, "timeout": 30000.0, "tracesDir": "/home/runner/work/AP_RF/AP_RF/results/pabot_results/3/browser/traces/temp/993a8819-d625-43e1-9d51-6aba0cdb6a0a"}</msg>
<msg time="2026-01-26T09:12:21.518456" level="INFO">Starting Browser process /opt/hostedtoolcache/Python/3.11.14/x64/lib/python3.11/site-packages/Browser/wrapper/index.js using at 127.0.0.1:46709</msg>
<msg time="2026-01-26T09:12:22.018107" level="INFO">Successfully created browser with options: {"browser":"chromium","headless":true,"chromiumSandbox":false,"devtools":false,"handleSIGHUP":true,"handleSIGINT":true,"handleSIGTERM":true,"slowMo":0,"timeout":30000,"tracesDir":"/home/runner/work/AP_RF/AP_RF/results/pabot_results/3/browser/traces/temp/993a8819-d625-43e1-9d51-6aba0cdb6a0a"}</msg>
<arg>browser=${BROWSER}</arg>
<arg>headless=${HEADLESS}</arg>
<tag>BrowserControl</tag>
<tag>Setter</tag>
<doc>Create a new playwright Browser with specified options.</doc>
<status status="PASS" start="2026-01-26T09:12:21.514408" elapsed="0.504028"/>
</kw>
<kw name="New Context" owner="Browser">
<msg time="2026-01-26T09:12:22.024560" level="INFO">{
  "acceptDownloads": true,
  "bypassCSP": false,
  "forcedColors": "none",
  "ignoreHTTPSErrors": false,
  "javaScriptEnabled": true,
  "offline": false,
  "reducedMotion": "no-preference",
  "serviceWorkers": "allow",
  "viewport": {
    "width": 1280,
    "height": 720
  }
}</msg>
<msg time="2026-01-26T09:12:22.041666" level="INFO">Successfully created context. </msg>
<msg time="2026-01-26T09:12:22.041792" level="INFO">{'acceptDownloads': True, 'bypassCSP': False, 'forcedColors': 'none', 'ignoreHTTPSErrors': False, 'javaScriptEnabled': True, 'offline': False, 'reducedMotion': 'no-preference', 'serviceWorkers': 'allow', 'viewport': {'width': 1280, 'height': 720}}</msg>
<arg>viewport={'width': 1280, 'height': 720}</arg>
<tag>BrowserControl</tag>
<tag>Setter</tag>
<doc>Create a new BrowserContext with specified options.</doc>
<status status="PASS" start="2026-01-26T09:12:22.018849" elapsed="0.023077"/>
</kw>
<kw name="New Page" owner="Browser">
<msg time="2026-01-26T09:12:22.495499" level="INFO">Successfully initialized new page object and opened url: https://the-internet.herokuapp.com/login</msg>
<arg>${BASE_URL}/login</arg>
<tag>BrowserControl</tag>
<tag>Setter</tag>
<doc>Open a new Page.</doc>
<status status="PASS" start="2026-01-26T09:12:22.042290" elapsed="0.453517"/>
</kw>
<kw name="Wait For Load State" owner="Browser">
<msg time="2026-01-26T09:12:22.497167" level="INFO">Waiting page load to state to receive networkidle in 15000.0</msg>
<msg time="2026-01-26T09:12:22.994878" level="INFO">Load state networkidle got in 15000</msg>
<arg>networkidle</arg>
<arg>timeout=15s</arg>
<tag>PageContent</tag>
<tag>Wait</tag>
<doc>Waits that the page reaches the required load state.</doc>
<status status="PASS" start="2026-01-26T09:12:22.496158" elapsed="0.498967"/>
</kw>
<kw name="Wait For Elements State" owner="Browser">
<msg time="2026-01-26T09:12:23.035921" level="INFO">Waited for Element with selector css=input#username at state visible</msg>
<arg>css=input#username</arg>
<arg>visible</arg>
<arg>timeout=10s</arg>
<tag>PageContent</tag>
<tag>Wait</tag>
<doc>Waits for the element found by ``selector`` to satisfy state option.</doc>
<status status="PASS" start="2026-01-26T09:12:22.995405" elapsed="0.040773"/>
</kw>
<kw name="Fill Text" owner="Browser">
<msg time="2026-01-26T09:12:23.037331" level="INFO">Fills the text 'tomsmith' in the given field.</msg>
<arg>css=input#username</arg>
<arg>${VALID_USER}</arg>
<tag>PageContent</tag>
<tag>Setter</tag>
<doc>Clears and fills the given ``txt`` into the text field found by ``selector``.</doc>
<status status="PASS" start="2026-01-26T09:12:23.036535" elapsed="0.014449"/>
</kw>
<kw name="Fill Secret" owner="Browser">
<arg>css=input#password</arg>
<arg>$VALID_PW</arg>
<tag>PageContent</tag>
<tag>Setter</tag>
<doc>Fills the given secret from ``variable_name`` into the
text field found by ``selector``.</doc>
<status status="PASS" start="2026-01-26T09:12:23.051258" elapsed="0.008716"/>
</kw>
<kw name="Click" owner="Browser">
<msg time="2026-01-26T09:12:23.060819" level="INFO">Clicks the element 'css=button[type="submit"]'.</msg>
<arg>css=button[type="submit"]</arg>
<tag>PageContent</tag>
<tag>Setter</tag>
<doc>Simulates mouse click on the element found by ``selector``.</doc>
<status status="PASS" start="2026-01-26T09:12:23.060315" elapsed="0.264206"/>
</kw>
<kw name="Wait For Elements State" owner="Browser">
<msg time="2026-01-26T09:12:23.362500" level="INFO">Waited for Element with selector css=.flash.success at state visible</msg>
<arg>css=.flash.success</arg>
<arg>visible</arg>
<arg>timeout=10s</arg>
<tag>PageContent</tag>
<tag>Wait</tag>
<doc>Waits for the element found by ``selector`` to satisfy state option.</doc>
<status status="PASS" start="2026-01-26T09:12:23.324880" elapsed="0.037875"/>
</kw>
<kw name="Get Text" owner="Browser">
<msg time="2026-01-26T09:12:23.398522" level="INFO">Text: 'Secure Area'</msg>
<arg>h2</arg>
<arg>contains</arg>
<arg>Secure Area</arg>
<tag>Assertion</tag>
<tag>Getter</tag>
<tag>PageContent</tag>
<doc>Returns text attribute of the element found by ``selector``.</doc>
<status status="PASS" start="2026-01-26T09:12:23.363068" elapsed="0.035629"/>
</kw>
<kw name="Take Screenshot" owner="Browser">
<msg time="2026-01-26T09:12:23.447704" level="INFO" html="true">&lt;/td&gt;&lt;/tr&gt;&lt;tr&gt;&lt;td colspan="3"&gt;&lt;a href="browser/screenshot/success-login.png" target="_blank"&gt;&lt;img src="browser/screenshot/success-login.png" width="800px"/&gt;&lt;/a&gt;</msg>
<arg>success-login</arg>
<tag>PageContent</tag>
<doc>Takes a screenshot of the current window or element and saves it to disk.</doc>
<status status="PASS" start="2026-01-26T09:12:23.399002" elapsed="0.048837"/>
</kw>
<kw name="Get Cookies" owner="Browser">
<msg time="2026-01-26T09:12:23.452161" level="INFO">Found cookies: optimizelySegments,optimizelyEndUserId,optimizelyBuckets,rack.session,optimizelyPendingLogEvents</msg>
<msg time="2026-01-26T09:12:23.452438" level="INFO">${browser_cookies} = [{'name': 'optimizelySegments', 'value': '%7B%7D', 'domain': '.the-internet.herokuapp.com', 'path': '/', 'expires': datetime.datetime(2027, 3, 2, 9, 12, 22, 365946, tzinfo=datetime.timezone.utc), 'htt...</msg>
<var>${browser_cookies}</var>
<tag>Getter</tag>
<tag>PageContent</tag>
<doc>Returns cookies from the current active browser context.</doc>
<status status="PASS" start="2026-01-26T09:12:23.448024" elapsed="0.004442"/>
</kw>
<kw name="Set Variable" owner="BuiltIn">
<msg time="2026-01-26T09:12:23.453368" level="INFO">${session_value} = %7B%7D</msg>
<var>${session_value}</var>
<arg>${browser_cookies[0].value}</arg>
<doc>Returns the given values which can then be assigned to a variables.</doc>
<status status="PASS" start="2026-01-26T09:12:23.452642" elapsed="0.000760"/>
</kw>
<kw name="Create Session" owner="RequestsLibrary">
<msg time="2026-01-26T09:12:23.453739" level="INFO">Creating Session using : alias=api_check, url=https://the-internet.herokuapp.com, headers={},                     cookies={}, auth=None, timeout=None, proxies=None, verify=True,                     debug=0 </msg>
<arg>api_check</arg>
<arg>${BASE_URL}</arg>
<arg>verify=True</arg>
<doc>Create Session: create a HTTP session to a server</doc>
<status status="PASS" start="2026-01-26T09:12:23.453537" elapsed="0.000362"/>
</kw>
<kw name="Create Dictionary" owner="BuiltIn">
<msg time="2026-01-26T09:12:23.454517" level="INFO">${cookies_dict} = {'rack.session': '%7B%7D'}</msg>
<var>${cookies_dict}</var>
<arg>rack.session=${session_value}</arg>
<doc>Creates and returns a dictionary based on the given ``items``.</doc>
<status status="PASS" start="2026-01-26T09:12:23.454065" elapsed="0.000481"/>
</kw>
<kw name="GET On Session" owner="RequestsLibrary">
<msg time="2026-01-26T09:12:23.602239" level="INFO">GET Request : url=https://the-internet.herokuapp.com/secure (redirected) 
 path_url=/secure 
 headers={'User-Agent': 'python-requests/2.32.5', 'Accept-Encoding': 'gzip, deflate', 'Accept': '*/*', 'Connection': 'keep-alive', 'Cookie': 'rack.session=%7B%7D'} 
 body=None 
 </msg>
<msg time="2026-01-26T09:12:23.602395" level="INFO">GET Response : url=https://the-internet.herokuapp.com/login 
 status=200, reason=OK 
 headers={'Content-Length': '2376', 'Content-Type': 'text/html;charset=utf-8', 'Date': 'Mon, 26 Jan 2026 09:12:23 GMT', 'Nel': '{"report_to":"heroku-nel","response_headers":["Via"],"max_age":3600,"success_fraction":0.01,"failure_fraction":0.1}', 'Report-To': '{"group":"heroku-nel","endpoints":[{"url":"https://nel.heroku.com/reports?s=YqGX%2FU6mmNbqBChoURmggRCH%2BKL7XTNkHD14ZCZ29do%3D\\u0026sid=c46efe9b-d3d2-4a0c-8c76-bfafa16c5add\\u0026ts=1769418743"}],"max_age":3600}', 'Reporting-Endpoints': 'heroku-nel="https://nel.heroku.com/reports?s=YqGX%2FU6mmNbqBChoURmggRCH%2BKL7XTNkHD14ZCZ29do%3D&amp;sid=c46efe9b-d3d2-4a0c-8c76-bfafa16c5add&amp;ts=1769418743"', 'Server': 'Heroku', 'Set-Cookie': 'rack.session=BAh7CUkiD3Nlc3Npb25faWQGOgZFVEkiRTdiYzIxMGFkMThjMjdiNjVjMzU4%0ANmY3NWIwMzIxOGY4MjI5Y2Y3YzdlYzg2MzM1MzI1YmFiNWNhMDIzOTJiMmUG%0AOwBGSSIJY3NyZgY7AEZJIiVlOGEzZTgxNjVhNTAwZTYzNGUwNzQ2MzBiOTE3%0AMjk4ZQY7AEZJIg10cmFja2luZwY7AEZ7B0kiFEhUVFBfVVNFUl9BR0VOVAY7%0AAFRJIi1mMzQzZjljMWU2YjRiZDEyMTRjOTUwNTI3MDYwOWQ5M2E1YTljZjQz%0ABjsARkkiGUhUVFBfQUNDRVBUX0xBTkdVQUdFBjsAVEkiLWRhMzlhM2VlNWU2%0AYjRiMGQzMjU1YmZlZjk1NjAxODkwYWZkODA3MDkGOwBGSSIKZmxhc2gGOwBG%0AewA%3D%0A--e642eec98b18fa9c73f382509fb155fc0e6a4c99; path=/; HttpOnly', 'Via': '1.1 heroku-router', 'X-Content-Type-Options': 'nosniff', 'X-Frame-Options': 'SAMEORIGIN', 'X-Xss-Protection': '1; mode=block'} 
 body=&lt;!DOCTYPE html&gt;
&lt;!--[if IE 8]&gt;         &lt;html class="no-js lt-ie9" lang="en" &gt; &lt;![endif]--&gt;
&lt;!--[if gt IE 8]&gt;&lt;!--&gt; &lt;html class="no-js" lang="en" &gt; &lt;!--&lt;![endif]--&gt;

&lt;html&gt;
  &lt;head&gt;
    &lt;script src="/js/vendor/298279967.js"&gt;&lt;/script&gt;
    &lt;meta charset="utf-8" /&gt;
    &lt;meta name="viewport" content="width=device-width" /&gt;
    &lt;title&gt;The Internet&lt;/title&gt;
    &lt;link href="/css/app.css" rel="stylesheet"&gt;
    &lt;link href="/css/font-awesome.css" rel="stylesheet"&gt;
    &lt;script src="/js/vendor/jquery-1.11.3.min.js"&gt;&lt;/script&gt;
    &lt;script src="/js/vendor/jquery-ui-1.11.4/jquery-ui.js"&gt;&lt;/script&gt;
    &lt;script src="/js/foundation/foundation.js"&gt;&lt;/script&gt;
    &lt;script src="/js/foundation/foundation.alerts.js"&gt;&lt;/script&gt;
    &lt;script&gt;
      $(document).foundation();
    &lt;/script&gt;
  &lt;/head&gt;
  &lt;body&gt;
    &lt;div class="row"&gt;
      &lt;div id="flash-messages" class="large-12 columns"&gt;
      
        
      
        
      
        
      
      &lt;/div&gt;
    &lt;/div&gt;
    &lt;div class="row"&gt;
      &lt;a href="https://github.com/tourdedave/the-internet"&gt;&lt;img style="position: absolute; top: 0; right: 0; border: 0;" src="/img/forkme_right_green_007200.png" alt="Fork me on GitHub"&gt;&lt;/a&gt;
      &lt;div id="content" class="large-12 columns"&gt;
        &lt;div class="example"&gt;
  &lt;h2&gt;Login Page&lt;/h2&gt;
  &lt;h4 class="subheader"&gt;This is where you can log into the secure area. Enter &lt;em&gt;tomsmith&lt;/em&gt; for the username and &lt;em&gt;SuperSecretPassword!&lt;/em&gt; for the password. If the information is wrong you should see error messages.&lt;/h4&gt;
  &lt;form name="login" id="login" action="/authenticate" method="post" &gt;
     &lt;div class="row"&gt;
      &lt;div class="large-6 small-12 columns"&gt;
        &lt;label for="username"&gt;Username&lt;/label&gt;
        &lt;input type="text" name="username" id="username" /&gt;
      &lt;/div&gt;
    &lt;/div&gt;
    &lt;div class="row"&gt;
      &lt;div class="large-6 small-12 columns"&gt;
        &lt;label for="password"&gt;Password&lt;/label&gt;
        &lt;input type="password" name="password" id="password" /&gt;
      &lt;/div&gt;
    &lt;/div&gt;
      &lt;button class="radius" type="submit"&gt;&lt;i class="fa fa-2x fa-sign-in"&gt; Login&lt;/i&gt;&lt;/button&gt;
  &lt;/form&gt;
&lt;/div&gt;

      &lt;/div&gt;
    &lt;/div&gt;
    &lt;div id='page-footer' class="row"&gt;
      &lt;div class="large-4 large-centered columns"&gt;
        &lt;hr&gt;
        &lt;div style="text-align: center;"&gt;Powered by &lt;a target="_blank" href="http://elementalselenium.com/"&gt;Elemental Selenium&lt;/a&gt;&lt;/div&gt;
      &lt;/div&gt;
    &lt;/div&gt;
  &lt;/body&gt;
&lt;/html&gt;
 
 </msg>
<msg time="2026-01-26T09:12:23.602565" level="INFO">${response} = &lt;Response [200]&gt;</msg>
<var>${response}</var>
<arg>api_check</arg>
<arg>url=/secure</arg>
<arg>cookies=${cookies_dict}</arg>
<doc>Sends a GET request on a previously created HTTP Session.</doc>
<status status="PASS" start="2026-01-26T09:12:23.454652" elapsed="0.147943"/>
</kw>
<kw name="Status Should Be" owner="RequestsLibrary">
<arg>200</arg>
<doc>Fails if response status code is different than the expected.</doc>
<status status="PASS" start="2026-01-26T09:12:23.602802" elapsed="0.000206"/>
</kw>
<msg time="2026-01-26T09:12:23.614648" level="INFO">Switching context to context=9d75c520-3f24-49e5-b7c8-c73c9d71c108 in CURRENT</msg>
<msg time="2026-01-26T09:12:23.619733" level="INFO">Successfully changed active context: context=9d75c520-3f24-49e5-b7c8-c73c9d71c108</msg>
<msg time="2026-01-26T09:12:23.626606" level="INFO">Successfully closed Context</msg>
<doc>Inloggen via de UI en de verkregen sessie-cookie hergebruiken
voor een geautoriseerde API-aanroep (Status 200 check).</doc>
<status status="PASS" start="2026-01-26T09:12:21.512351" elapsed="2.090780"/>
</test>
<doc>Geavanceerde hybride test: Valideert sessie-overdracht tussen Browser en API.</doc>
<status status="PASS" start="2026-01-26T09:12:21.345628" elapsed="2.281502"/>
</suite>
<status status="PASS" start="2026-01-26T09:12:21.344900" elapsed="2.286928"/>
</suite>
<status status="PASS" start="2026-01-26T09:12:21.344023" elapsed="2.288481"/>
</suite>
<status status="PASS" start="2026-01-26T09:12:21.326135" elapsed="2.306902"/>
</suite>
<statistics>
<total>
<stat pass="1" fail="0" skip="0">All Tests</stat>
</total>
<tag>
</tag>
<suite>
<stat name="Tests" id="s1" pass="1" fail="0" skip="0">Tests</stat>
<stat name="01 HerekuApp" id="s1-s1" pass="1" fail="0" skip="0">Tests.01 HerekuApp</stat>
<stat name="01 Basis" id="s1-s1-s1" pass="1" fail="0" skip="0">Tests.01 HerekuApp.01 Basis</stat>
<stat name="04 Hybrid" id="s1-s1-s1-s1" pass="1" fail="0" skip="0">Tests.01 HerekuApp.01 Basis.04 Hybrid</stat>
</suite>
</statistics>
<errors>
</errors>
</robot>
