<?xml version="1.0" encoding="UTF-8"?>
<robot generator="Robot 7.4.1 (Python 3.11.14 on linux)" generated="2026-01-15T09:10:32.803490" rpa="false" schemaversion="5">
<suite id="s1" name="Tests" source="/home/runner/work/AP_RF/AP_RF/tests">
<suite id="s1-s1" name="01 HerekuApp" source="/home/runner/work/AP_RF/AP_RF/tests/01_HerekuApp">
<suite id="s1-s1-s1" name="01 Basis" source="/home/runner/work/AP_RF/AP_RF/tests/01_HerekuApp/01_basis">
<suite id="s1-s1-s1-s1" name="08 Failure Test" source="/home/runner/work/AP_RF/AP_RF/tests/01_HerekuApp/01_basis/08_failure_test.robot">
<test id="s1-s1-s1-s1-t1" name="Test Negatieve Scenario Bevestiging" line="5">
<kw name="New Browser" owner="Browser">
<msg time="2026-01-15T09:10:33.146304" level="INFO">{"browser": "chromium", "headless": true, "chromiumSandbox": false, "devtools": false, "handleSIGHUP": true, "handleSIGINT": true, "handleSIGTERM": true, "slowMo": 0.0, "timeout": 30000.0, "tracesDir": "/home/runner/work/AP_RF/AP_RF/results/pabot_results/7/browser/traces/temp/c07a9aae-101c-4836-a6f4-1ee3ead2c714"}</msg>
<msg time="2026-01-15T09:10:33.149909" level="INFO">Starting Browser process /opt/hostedtoolcache/Python/3.11.14/x64/lib/python3.11/site-packages/Browser/wrapper/index.js using at 127.0.0.1:45931</msg>
<msg time="2026-01-15T09:10:33.758509" level="INFO">Successfully created browser with options: {"browser":"chromium","headless":true,"chromiumSandbox":false,"devtools":false,"handleSIGHUP":true,"handleSIGINT":true,"handleSIGTERM":true,"slowMo":0,"timeout":30000,"tracesDir":"/home/runner/work/AP_RF/AP_RF/results/pabot_results/7/browser/traces/temp/c07a9aae-101c-4836-a6f4-1ee3ead2c714"}</msg>
<arg>browser=${BROWSER}</arg>
<arg>headless=${HEADLESS}</arg>
<tag>BrowserControl</tag>
<tag>Setter</tag>
<doc>Create a new playwright Browser with specified options.</doc>
<status status="PASS" start="2026-01-15T09:10:33.145573" elapsed="0.613242"/>
</kw>
<kw name="New Context" owner="Browser">
<msg time="2026-01-15T09:10:33.761108" level="INFO">{
  "acceptDownloads": true,
  "bypassCSP": false,
  "forcedColors": "none",
  "ignoreHTTPSErrors": false,
  "javaScriptEnabled": true,
  "offline": false,
  "reducedMotion": "no-preference",
  "serviceWorkers": "allow",
  "viewport": {
    "width": 1280,
    "height": 720
  }
}</msg>
<msg time="2026-01-15T09:10:33.773255" level="INFO">Successfully created context. </msg>
<msg time="2026-01-15T09:10:33.773314" level="INFO">{'acceptDownloads': True, 'bypassCSP': False, 'forcedColors': 'none', 'ignoreHTTPSErrors': False, 'javaScriptEnabled': True, 'offline': False, 'reducedMotion': 'no-preference', 'serviceWorkers': 'allow', 'viewport': {'width': 1280, 'height': 720}}</msg>
<tag>BrowserControl</tag>
<tag>Setter</tag>
<doc>Create a new BrowserContext with specified options.</doc>
<status status="PASS" start="2026-01-15T09:10:33.759204" elapsed="0.014183"/>
</kw>
<kw name="New Page" owner="Browser">
<msg time="2026-01-15T09:10:34.779955" level="INFO">Successfully initialized new page object and opened url: https://the-internet.herokuapp.com/login</msg>
<arg>${BASE_URL}/login</arg>
<tag>BrowserControl</tag>
<tag>Setter</tag>
<doc>Open a new Page.</doc>
<status status="PASS" start="2026-01-15T09:10:33.773586" elapsed="1.006713"/>
</kw>
<kw name="Wait For Elements State" owner="Browser">
<msg time="2026-01-15T09:10:34.810692" level="INFO">Waited for Element with selector button#niet-bestaande-knop at state detached</msg>
<arg>button#niet-bestaande-knop</arg>
<arg>state=detached</arg>
<arg>timeout=2s</arg>
<tag>PageContent</tag>
<tag>Wait</tag>
<doc>Waits for the element found by ``selector`` to satisfy state option.</doc>
<status status="PASS" start="2026-01-15T09:10:34.780593" elapsed="0.030344"/>
</kw>
<kw name="Fill Text" owner="Browser">
<msg time="2026-01-15T09:10:34.811731" level="INFO">Fills the text 'verkeerde_gebruiker' in the given field.</msg>
<arg>id=username</arg>
<arg>verkeerde_gebruiker</arg>
<tag>PageContent</tag>
<tag>Setter</tag>
<doc>Clears and fills the given ``txt`` into the text field found by ``selector``.</doc>
<status status="PASS" start="2026-01-15T09:10:34.811208" elapsed="0.013432"/>
</kw>
<kw name="Click" owner="Browser">
<msg time="2026-01-15T09:10:34.825392" level="INFO">Clicks the element 'button[type="submit"]'.</msg>
<arg>button[type="submit"]</arg>
<tag>PageContent</tag>
<tag>Setter</tag>
<doc>Simulates mouse click on the element found by ``selector``.</doc>
<status status="PASS" start="2026-01-15T09:10:34.824927" elapsed="0.204152"/>
</kw>
<kw name="Get Text" owner="Browser">
<msg time="2026-01-15T09:10:35.089225" level="INFO">Text: ' Your username is invalid!\n×'</msg>
<arg>id=flash</arg>
<arg>contains</arg>
<arg>Your username is invalid!</arg>
<tag>Assertion</tag>
<tag>Getter</tag>
<tag>PageContent</tag>
<doc>Returns text attribute of the element found by ``selector``.</doc>
<status status="PASS" start="2026-01-15T09:10:35.029373" elapsed="0.059998"/>
</kw>
<kw name="Log" owner="BuiltIn">
<msg time="2026-01-15T09:10:35.090092" level="INFO">Negatieve validatie succesvol: Element is detached en foutmelding is zichtbaar.</msg>
<arg>Negatieve validatie succesvol: Element is detached en foutmelding is zichtbaar.</arg>
<doc>Logs the given message with the given level.</doc>
<status status="PASS" start="2026-01-15T09:10:35.089637" elapsed="0.000530"/>
</kw>
<msg time="2026-01-15T09:10:35.101303" level="INFO">Switching context to context=f3ce51a8-7be7-4f46-a506-1705d70e3bf5 in CURRENT</msg>
<msg time="2026-01-15T09:10:35.106710" level="INFO">Successfully changed active context: context=f3ce51a8-7be7-4f46-a506-1705d70e3bf5</msg>
<msg time="2026-01-15T09:10:35.112820" level="INFO">Successfully closed Context</msg>
<doc>Valideert dat de UI correct reageert op afwezige elementen
en de juiste foutmeldingen toont bij ongeldige credentials.</doc>
<status status="PASS" start="2026-01-15T09:10:33.144356" elapsed="1.945976"/>
</test>
<status status="PASS" start="2026-01-15T09:10:32.837050" elapsed="2.276363"/>
</suite>
<status status="PASS" start="2026-01-15T09:10:32.836236" elapsed="2.281789"/>
</suite>
<status status="PASS" start="2026-01-15T09:10:32.835366" elapsed="2.283320"/>
</suite>
<status status="PASS" start="2026-01-15T09:10:32.814844" elapsed="2.304459"/>
</suite>
<statistics>
<total>
<stat pass="1" fail="0" skip="0">All Tests</stat>
</total>
<tag>
</tag>
<suite>
<stat name="Tests" id="s1" pass="1" fail="0" skip="0">Tests</stat>
<stat name="01 HerekuApp" id="s1-s1" pass="1" fail="0" skip="0">Tests.01 HerekuApp</stat>
<stat name="01 Basis" id="s1-s1-s1" pass="1" fail="0" skip="0">Tests.01 HerekuApp.01 Basis</stat>
<stat name="08 Failure Test" id="s1-s1-s1-s1" pass="1" fail="0" skip="0">Tests.01 HerekuApp.01 Basis.08 Failure Test</stat>
</suite>
</statistics>
<errors>
</errors>
</robot>
